2024-05-16 12:03:40,007 [INFO] Mcu:1677 - InternalPropertyChange: try BijectiveRequest:Input Capture direct mode
2024-05-16 12:04:12,829 [INFO] NvicIntPanel:101 - NVIC parent = com.st.microxplorer.plugins.ip.nvic.MultiNvicIntPanel[,0,0,480x248,layout=javax.swing.BoxLayout,alignmentX=0.0,alignmentY=0.0,border=,flags=9,maximumSize=,minimumSize=,preferredSize=]
2024-05-16 12:04:15,046 [INFO] NvicIntPanel:101 - NVIC parent = com.st.microxplorer.plugins.ip.nvic.MultiNvicIntPanel[,0,0,0x0,invalid,layout=javax.swing.BoxLayout,alignmentX=0.0,alignmentY=0.0,border=,flags=9,maximumSize=,minimumSize=,preferredSize=]
2024-05-16 12:04:16,420 [INFO] NvicIntPanel:101 - NVIC parent = com.st.microxplorer.plugins.ip.nvic.MultiNvicIntPanel[,0,0,0x0,invalid,layout=javax.swing.BoxLayout,alignmentX=0.0,alignmentY=0.0,border=,flags=9,maximumSize=,minimumSize=,preferredSize=]
2024-05-16 12:04:18,075 [INFO] NvicIntPanel:101 - NVIC parent = com.st.microxplorer.plugins.ip.nvic.MultiNvicIntPanel[,0,0,0x0,invalid,layout=javax.swing.BoxLayout,alignmentX=0.0,alignmentY=0.0,border=,flags=9,maximumSize=,minimumSize=,preferredSize=]
2024-05-16 12:04:19,737 [INFO] NvicIntPanel:101 - NVIC parent = com.st.microxplorer.plugins.ip.nvic.MultiNvicIntPanel[,0,0,0x0,invalid,layout=javax.swing.BoxLayout,alignmentX=0.0,alignmentY=0.0,border=,flags=9,maximumSize=,minimumSize=,preferredSize=]
2024-05-16 12:04:20,596 [INFO] NvicIntPanel:101 - NVIC parent = com.st.microxplorer.plugins.ip.nvic.MultiNvicIntPanel[,0,0,0x0,invalid,layout=javax.swing.BoxLayout,alignmentX=0.0,alignmentY=0.0,border=,flags=9,maximumSize=,minimumSize=,preferredSize=]
2024-05-16 12:04:30,469 [INFO] NvicIntPanel:101 - NVIC parent = com.st.microxplorer.plugins.ip.nvic.MultiNvicIntPanel[,0,0,0x0,invalid,layout=javax.swing.BoxLayout,alignmentX=0.0,alignmentY=0.0,border=,flags=9,maximumSize=,minimumSize=,preferredSize=]
2024-05-16 12:04:41,863 [INFO] NvicIntPanel:101 - NVIC parent = com.st.microxplorer.plugins.ip.nvic.MultiNvicIntPanel[,0,0,0x0,invalid,layout=javax.swing.BoxLayout,alignmentX=0.0,alignmentY=0.0,border=,flags=9,maximumSize=,minimumSize=,preferredSize=]
2024-05-16 12:04:43,833 [INFO] UtilMem:75 - End SaveConfig() Used Memory: 718247216 Bytes (1073741824)
2024-05-16 12:04:44,399 [INFO] UtilMem:75 - End SaveConfig() Used Memory: 687862296 Bytes (1073741824)
2024-05-16 12:04:44,729 [INFO] BlockDiagram:2759 - set Specific Code input for plugin: NVIC
2024-05-16 12:04:44,729 [INFO] BlockDiagram:2759 - set Specific Code input for plugin: TIM1_8
2024-05-16 12:04:44,729 [INFO] BlockDiagram:2759 - set Specific Code input for plugin: TIM1_8
2024-05-16 12:04:44,729 [INFO] BlockDiagram:2759 - set Specific Code input for plugin: TIM1_8
2024-05-16 12:04:44,729 [INFO] BlockDiagram:2759 - set Specific Code input for plugin: SYS
2024-05-16 12:04:44,729 [INFO] BlockDiagram:2759 - set Specific Code input for plugin: GPIO
2024-05-16 12:04:44,729 [INFO] BlockDiagram:2759 - set Specific Code input for plugin: RCC
2024-05-16 12:04:44,730 [INFO] CodeGenerator:807 - code generatio: config db path: C:\ST\STM32CubeIDE_1.15.0\STM32CubeIDE\plugins\com.st.stm32cube.common.mx_6.11.0.202403141607\\db\
2024-05-16 12:04:44,863 [INFO] CodeEngine:255 - oldGeneratedFile, C:\Users\magoo\OneDrive\Documents\GitHub\ME-507-Mechatronics-Lab\Lab3\MXTmpFiles\license.tmp_save
2024-05-16 12:04:44,959 [INFO] CodeEngine:279 - Generated code: C:\Users\magoo\OneDrive\Documents\GitHub\ME-507-Mechatronics-Lab\Lab3\MXTmpFiles\license.tmp
2024-05-16 12:04:44,990 [INFO] CodeEngine:255 - oldGeneratedFile, C:\Users\magoo\OneDrive\Documents\GitHub\ME-507-Mechatronics-Lab\Lab3\MXTmpFiles\gpio.tmp_save
2024-05-16 12:04:45,090 [INFO] CodeEngine:279 - Generated code: C:\Users\magoo\OneDrive\Documents\GitHub\ME-507-Mechatronics-Lab\Lab3\MXTmpFiles\gpio.tmp
2024-05-16 12:04:45,218 [INFO] CodeEngine:255 - oldGeneratedFile, C:\Users\magoo\OneDrive\Documents\GitHub\ME-507-Mechatronics-Lab\Lab3\Core\Src\stm32f4xx_it.c_save
2024-05-16 12:04:45,389 [INFO] CodeEngine:279 - Generated code: C:\Users\magoo\OneDrive\Documents\GitHub\ME-507-Mechatronics-Lab\Lab3\Core\Src\stm32f4xx_it.c
2024-05-16 12:04:45,408 [INFO] CodeEngine:255 - oldGeneratedFile, C:\Users\magoo\OneDrive\Documents\GitHub\ME-507-Mechatronics-Lab\Lab3\Core\Inc\stm32f4xx_it.h_save
2024-05-16 12:04:45,485 [INFO] CodeEngine:279 - Generated code: C:\Users\magoo\OneDrive\Documents\GitHub\ME-507-Mechatronics-Lab\Lab3\Core\Inc\stm32f4xx_it.h
2024-05-16 12:04:45,513 [INFO] CodeEngine:255 - oldGeneratedFile, C:\Users\magoo\OneDrive\Documents\GitHub\ME-507-Mechatronics-Lab\Lab3\Core\Src\stm32f4xx_hal_msp.c_save
2024-05-16 12:04:45,649 [INFO] CodeEngine:279 - Generated code: C:\Users\magoo\OneDrive\Documents\GitHub\ME-507-Mechatronics-Lab\Lab3\Core\Src\stm32f4xx_hal_msp.c
2024-05-16 12:04:45,659 [INFO] CodeEngine:255 - oldGeneratedFile, C:\Users\magoo\OneDrive\Documents\GitHub\ME-507-Mechatronics-Lab\Lab3\MXTmpFiles\system.tmp_save
2024-05-16 12:04:45,718 [INFO] CodeEngine:279 - Generated code: C:\Users\magoo\OneDrive\Documents\GitHub\ME-507-Mechatronics-Lab\Lab3\MXTmpFiles\system.tmp
2024-05-16 12:04:45,743 [INFO] CodeEngine:311 - oldGeneratedFile, C:\Users\magoo\OneDrive\Documents\GitHub\ME-507-Mechatronics-Lab\Lab3\Core\Inc\stm32f4xx_hal_conf.h_save
2024-05-16 12:04:45,832 [INFO] CodeEngine:335 - Generated code: C:\Users\magoo\OneDrive\Documents\GitHub\ME-507-Mechatronics-Lab\Lab3\Core\Inc\stm32f4xx_hal_conf.h
2024-05-16 12:04:45,851 [WARN] IPConfigManager:3513 - IP not found : TIM
2024-05-16 12:04:45,852 [WARN] CodeGenerator:3951 - IP not found : null
2024-05-16 12:04:45,871 [INFO] CodeEngine:255 - oldGeneratedFile, C:\Users\magoo\OneDrive\Documents\GitHub\ME-507-Mechatronics-Lab\Lab3\Core\Inc\main.h_save
2024-05-16 12:04:45,946 [INFO] CodeEngine:279 - Generated code: C:\Users\magoo\OneDrive\Documents\GitHub\ME-507-Mechatronics-Lab\Lab3\Core\Inc\main.h
2024-05-16 12:04:45,967 [INFO] CodeEngine:255 - oldGeneratedFile, C:\Users\magoo\OneDrive\Documents\GitHub\ME-507-Mechatronics-Lab\Lab3\Core\Src\main.c_save
2024-05-16 12:04:46,069 [INFO] CodeEngine:279 - Generated code: C:\Users\magoo\OneDrive\Documents\GitHub\ME-507-Mechatronics-Lab\Lab3\Core\Src\main.c
2024-05-16 12:04:46,487 [INFO] ProjectBuilder:3163 - Time for Copy HAL[1] : 239mS.
2024-05-16 12:04:46,491 [INFO] ProjectBuilder:4736 - Project Generator version: 4.3.0-B58
2024-05-16 12:04:46,583 [INFO] ConfigFileManager:1503 - The Die is : DIE431
2024-05-16 12:04:47,312 [INFO] ProjectBuilder:5002 - Time for Generating toolchain IDE Files: 821mS.
2024-05-16 12:04:47,314 [INFO] ProjectBuilder:3034 - Time for Copy CMSIS : 0mS.
2024-05-16 12:04:47,316 [INFO] ProjectBuilder:3034 - Time for Copy CMSIS : 0mS.
2024-05-16 12:09:31,679 [INFO] UtilMem:75 - End SaveConfig() Used Memory: 878721496 Bytes (1073741824)
2024-05-16 12:09:31,818 [INFO] BlockDiagram:2759 - set Specific Code input for plugin: NVIC
2024-05-16 12:09:31,818 [INFO] BlockDiagram:2759 - set Specific Code input for plugin: TIM1_8
2024-05-16 12:09:31,818 [INFO] BlockDiagram:2759 - set Specific Code input for plugin: TIM1_8
2024-05-16 12:09:31,818 [INFO] BlockDiagram:2759 - set Specific Code input for plugin: TIM1_8
2024-05-16 12:09:31,818 [INFO] BlockDiagram:2759 - set Specific Code input for plugin: SYS
2024-05-16 12:09:31,819 [INFO] BlockDiagram:2759 - set Specific Code input for plugin: GPIO
2024-05-16 12:09:31,819 [INFO] BlockDiagram:2759 - set Specific Code input for plugin: RCC
2024-05-16 12:09:31,820 [INFO] CodeGenerator:807 - code generatio: config db path: C:\ST\STM32CubeIDE_1.15.0\STM32CubeIDE\plugins\com.st.stm32cube.common.mx_6.11.0.202403141607\\db\
2024-05-16 12:09:31,914 [INFO] CodeEngine:255 - oldGeneratedFile, C:\Users\magoo\OneDrive\Documents\GitHub\ME-507-Mechatronics-Lab\Lab3\MXTmpFiles\license.tmp_save
2024-05-16 12:09:32,005 [INFO] CodeEngine:279 - Generated code: C:\Users\magoo\OneDrive\Documents\GitHub\ME-507-Mechatronics-Lab\Lab3\MXTmpFiles\license.tmp
2024-05-16 12:09:32,019 [INFO] CodeEngine:255 - oldGeneratedFile, C:\Users\magoo\OneDrive\Documents\GitHub\ME-507-Mechatronics-Lab\Lab3\MXTmpFiles\gpio.tmp_save
2024-05-16 12:09:32,096 [INFO] CodeEngine:279 - Generated code: C:\Users\magoo\OneDrive\Documents\GitHub\ME-507-Mechatronics-Lab\Lab3\MXTmpFiles\gpio.tmp
2024-05-16 12:09:32,166 [INFO] CodeEngine:255 - oldGeneratedFile, C:\Users\magoo\OneDrive\Documents\GitHub\ME-507-Mechatronics-Lab\Lab3\Core\Src\stm32f4xx_it.c_save
2024-05-16 12:09:32,258 [INFO] CodeEngine:279 - Generated code: C:\Users\magoo\OneDrive\Documents\GitHub\ME-507-Mechatronics-Lab\Lab3\Core\Src\stm32f4xx_it.c
2024-05-16 12:09:32,265 [INFO] CodeEngine:255 - oldGeneratedFile, C:\Users\magoo\OneDrive\Documents\GitHub\ME-507-Mechatronics-Lab\Lab3\Core\Inc\stm32f4xx_it.h_save
2024-05-16 12:09:32,373 [INFO] CodeEngine:279 - Generated code: C:\Users\magoo\OneDrive\Documents\GitHub\ME-507-Mechatronics-Lab\Lab3\Core\Inc\stm32f4xx_it.h
2024-05-16 12:09:32,396 [INFO] CodeEngine:255 - oldGeneratedFile, C:\Users\magoo\OneDrive\Documents\GitHub\ME-507-Mechatronics-Lab\Lab3\Core\Src\stm32f4xx_hal_msp.c_save
2024-05-16 12:09:32,501 [INFO] CodeEngine:279 - Generated code: C:\Users\magoo\OneDrive\Documents\GitHub\ME-507-Mechatronics-Lab\Lab3\Core\Src\stm32f4xx_hal_msp.c
2024-05-16 12:09:32,505 [INFO] CodeEngine:255 - oldGeneratedFile, C:\Users\magoo\OneDrive\Documents\GitHub\ME-507-Mechatronics-Lab\Lab3\MXTmpFiles\system.tmp_save
2024-05-16 12:09:32,569 [INFO] CodeEngine:279 - Generated code: C:\Users\magoo\OneDrive\Documents\GitHub\ME-507-Mechatronics-Lab\Lab3\MXTmpFiles\system.tmp
2024-05-16 12:09:32,589 [INFO] CodeEngine:311 - oldGeneratedFile, C:\Users\magoo\OneDrive\Documents\GitHub\ME-507-Mechatronics-Lab\Lab3\Core\Inc\stm32f4xx_hal_conf.h_save
2024-05-16 12:09:32,680 [INFO] CodeEngine:335 - Generated code: C:\Users\magoo\OneDrive\Documents\GitHub\ME-507-Mechatronics-Lab\Lab3\Core\Inc\stm32f4xx_hal_conf.h
2024-05-16 12:09:32,706 [WARN] IPConfigManager:3513 - IP not found : TIM
2024-05-16 12:09:32,707 [WARN] CodeGenerator:3951 - IP not found : null
2024-05-16 12:09:32,722 [INFO] CodeEngine:255 - oldGeneratedFile, C:\Users\magoo\OneDrive\Documents\GitHub\ME-507-Mechatronics-Lab\Lab3\Core\Inc\main.h_save
2024-05-16 12:09:32,795 [INFO] CodeEngine:279 - Generated code: C:\Users\magoo\OneDrive\Documents\GitHub\ME-507-Mechatronics-Lab\Lab3\Core\Inc\main.h
2024-05-16 12:09:32,805 [INFO] CodeEngine:255 - oldGeneratedFile, C:\Users\magoo\OneDrive\Documents\GitHub\ME-507-Mechatronics-Lab\Lab3\Core\Src\main.c_save
2024-05-16 12:09:32,910 [INFO] CodeEngine:279 - Generated code: C:\Users\magoo\OneDrive\Documents\GitHub\ME-507-Mechatronics-Lab\Lab3\Core\Src\main.c
2024-05-16 12:09:33,163 [INFO] ProjectBuilder:3163 - Time for Copy HAL[1] : 129mS.
2024-05-16 12:09:33,166 [INFO] ProjectBuilder:4736 - Project Generator version: 4.3.0-B58
2024-05-16 12:09:33,227 [INFO] ConfigFileManager:1503 - The Die is : DIE431
2024-05-16 12:09:33,932 [INFO] ProjectBuilder:5002 - Time for Generating toolchain IDE Files: 766mS.
2024-05-16 12:09:33,933 [INFO] ProjectBuilder:3034 - Time for Copy CMSIS : 0mS.
2024-05-16 12:09:33,935 [INFO] ProjectBuilder:3034 - Time for Copy CMSIS : 0mS.
2024-05-16 12:12:25,970 [INFO] NvicIntPanel:101 - NVIC parent = com.st.microxplorer.plugins.ip.nvic.MultiNvicIntPanel[,0,0,480x248,layout=javax.swing.BoxLayout,alignmentX=0.0,alignmentY=0.0,border=,flags=9,maximumSize=,minimumSize=,preferredSize=]
2024-05-16 12:12:37,810 [INFO] NvicIntPanel:101 - NVIC parent = com.st.microxplorer.plugins.ip.nvic.MultiNvicIntPanel[,0,0,0x0,invalid,layout=javax.swing.BoxLayout,alignmentX=0.0,alignmentY=0.0,border=,flags=9,maximumSize=,minimumSize=,preferredSize=]
2024-05-16 12:12:37,857 [INFO] NvicIntPanel:101 - NVIC parent = com.st.microxplorer.plugins.ip.nvic.MultiNvicIntPanel[,0,0,0x0,invalid,layout=javax.swing.BoxLayout,alignmentX=0.0,alignmentY=0.0,border=,flags=9,maximumSize=,minimumSize=,preferredSize=]
2024-05-16 12:12:39,925 [INFO] NvicIntPanel:101 - NVIC parent = com.st.microxplorer.plugins.ip.nvic.MultiNvicIntPanel[,0,0,0x0,invalid,layout=javax.swing.BoxLayout,alignmentX=0.0,alignmentY=0.0,border=,flags=9,maximumSize=,minimumSize=,preferredSize=]
2024-05-16 12:13:24,879 [INFO] UtilMem:75 - End SaveConfig() Used Memory: 690545968 Bytes (1073741824)
2024-05-16 12:13:26,718 [INFO] UtilMem:75 - End SaveConfig() Used Memory: 821696176 Bytes (1073741824)
2024-05-16 12:13:26,926 [INFO] UtilMem:75 - End SaveConfig() Used Memory: 876222128 Bytes (1073741824)
2024-05-16 12:13:27,063 [INFO] BlockDiagram:2759 - set Specific Code input for plugin: NVIC
2024-05-16 12:13:27,064 [INFO] BlockDiagram:2759 - set Specific Code input for plugin: TIM1_8
2024-05-16 12:13:27,064 [INFO] BlockDiagram:2759 - set Specific Code input for plugin: TIM1_8
2024-05-16 12:13:27,064 [INFO] BlockDiagram:2759 - set Specific Code input for plugin: SYS
2024-05-16 12:13:27,064 [INFO] BlockDiagram:2759 - set Specific Code input for plugin: GPIO
2024-05-16 12:13:27,064 [INFO] BlockDiagram:2759 - set Specific Code input for plugin: RCC
2024-05-16 12:13:27,065 [INFO] CodeGenerator:807 - code generatio: config db path: C:\ST\STM32CubeIDE_1.15.0\STM32CubeIDE\plugins\com.st.stm32cube.common.mx_6.11.0.202403141607\\db\
2024-05-16 12:13:27,159 [INFO] CodeEngine:255 - oldGeneratedFile, C:\Users\magoo\OneDrive\Documents\GitHub\ME-507-Mechatronics-Lab\Lab3\MXTmpFiles\license.tmp_save
2024-05-16 12:13:27,252 [INFO] CodeEngine:279 - Generated code: C:\Users\magoo\OneDrive\Documents\GitHub\ME-507-Mechatronics-Lab\Lab3\MXTmpFiles\license.tmp
2024-05-16 12:13:27,266 [INFO] CodeEngine:255 - oldGeneratedFile, C:\Users\magoo\OneDrive\Documents\GitHub\ME-507-Mechatronics-Lab\Lab3\MXTmpFiles\gpio.tmp_save
2024-05-16 12:13:27,359 [INFO] CodeEngine:279 - Generated code: C:\Users\magoo\OneDrive\Documents\GitHub\ME-507-Mechatronics-Lab\Lab3\MXTmpFiles\gpio.tmp
2024-05-16 12:13:27,435 [INFO] CodeEngine:255 - oldGeneratedFile, C:\Users\magoo\OneDrive\Documents\GitHub\ME-507-Mechatronics-Lab\Lab3\Core\Src\stm32f4xx_it.c_save
2024-05-16 12:13:27,635 [INFO] CodeEngine:279 - Generated code: C:\Users\magoo\OneDrive\Documents\GitHub\ME-507-Mechatronics-Lab\Lab3\Core\Src\stm32f4xx_it.c
2024-05-16 12:13:27,642 [INFO] CodeEngine:255 - oldGeneratedFile, C:\Users\magoo\OneDrive\Documents\GitHub\ME-507-Mechatronics-Lab\Lab3\Core\Inc\stm32f4xx_it.h_save
2024-05-16 12:13:27,704 [INFO] CodeEngine:279 - Generated code: C:\Users\magoo\OneDrive\Documents\GitHub\ME-507-Mechatronics-Lab\Lab3\Core\Inc\stm32f4xx_it.h
2024-05-16 12:13:27,725 [INFO] CodeEngine:255 - oldGeneratedFile, C:\Users\magoo\OneDrive\Documents\GitHub\ME-507-Mechatronics-Lab\Lab3\Core\Src\stm32f4xx_hal_msp.c_save
2024-05-16 12:13:27,843 [INFO] CodeEngine:279 - Generated code: C:\Users\magoo\OneDrive\Documents\GitHub\ME-507-Mechatronics-Lab\Lab3\Core\Src\stm32f4xx_hal_msp.c
2024-05-16 12:13:27,846 [INFO] CodeEngine:255 - oldGeneratedFile, C:\Users\magoo\OneDrive\Documents\GitHub\ME-507-Mechatronics-Lab\Lab3\MXTmpFiles\system.tmp_save
2024-05-16 12:13:27,893 [INFO] CodeEngine:279 - Generated code: C:\Users\magoo\OneDrive\Documents\GitHub\ME-507-Mechatronics-Lab\Lab3\MXTmpFiles\system.tmp
2024-05-16 12:13:27,909 [INFO] CodeEngine:311 - oldGeneratedFile, C:\Users\magoo\OneDrive\Documents\GitHub\ME-507-Mechatronics-Lab\Lab3\Core\Inc\stm32f4xx_hal_conf.h_save
2024-05-16 12:13:27,996 [INFO] CodeEngine:335 - Generated code: C:\Users\magoo\OneDrive\Documents\GitHub\ME-507-Mechatronics-Lab\Lab3\Core\Inc\stm32f4xx_hal_conf.h
2024-05-16 12:13:28,020 [WARN] IPConfigManager:3513 - IP not found : TIM
2024-05-16 12:13:28,020 [WARN] CodeGenerator:3951 - IP not found : null
2024-05-16 12:13:28,034 [INFO] CodeEngine:255 - oldGeneratedFile, C:\Users\magoo\OneDrive\Documents\GitHub\ME-507-Mechatronics-Lab\Lab3\Core\Inc\main.h_save
2024-05-16 12:13:28,110 [INFO] CodeEngine:279 - Generated code: C:\Users\magoo\OneDrive\Documents\GitHub\ME-507-Mechatronics-Lab\Lab3\Core\Inc\main.h
2024-05-16 12:13:28,122 [INFO] CodeEngine:255 - oldGeneratedFile, C:\Users\magoo\OneDrive\Documents\GitHub\ME-507-Mechatronics-Lab\Lab3\Core\Src\main.c_save
2024-05-16 12:13:28,247 [INFO] CodeEngine:279 - Generated code: C:\Users\magoo\OneDrive\Documents\GitHub\ME-507-Mechatronics-Lab\Lab3\Core\Src\main.c
2024-05-16 12:13:28,559 [INFO] ProjectBuilder:3163 - Time for Copy HAL[1] : 155mS.
2024-05-16 12:13:28,563 [INFO] ProjectBuilder:4736 - Project Generator version: 4.3.0-B58
2024-05-16 12:13:28,644 [INFO] ConfigFileManager:1503 - The Die is : DIE431
2024-05-16 12:13:29,524 [INFO] ProjectBuilder:5002 - Time for Generating toolchain IDE Files: 961mS.
2024-05-16 12:13:29,525 [INFO] ProjectBuilder:3034 - Time for Copy CMSIS : 1mS.
2024-05-16 12:13:29,530 [INFO] ProjectBuilder:3034 - Time for Copy CMSIS : 0mS.
2024-05-16 12:28:20,730 [INFO] UtilMem:75 - End SaveConfig() Used Memory: 789225424 Bytes (1073741824)
2024-05-16 12:28:21,259 [INFO] UtilMem:75 - End SaveConfig() Used Memory: 824876232 Bytes (1073741824)
2024-05-16 12:28:21,504 [INFO] BlockDiagram:2759 - set Specific Code input for plugin: NVIC
2024-05-16 12:28:21,504 [INFO] BlockDiagram:2759 - set Specific Code input for plugin: TIM1_8
2024-05-16 12:28:21,504 [INFO] BlockDiagram:2759 - set Specific Code input for plugin: TIM1_8
2024-05-16 12:28:21,504 [INFO] BlockDiagram:2759 - set Specific Code input for plugin: SYS
2024-05-16 12:28:21,504 [INFO] BlockDiagram:2759 - set Specific Code input for plugin: GPIO
2024-05-16 12:28:21,504 [INFO] BlockDiagram:2759 - set Specific Code input for plugin: RCC
2024-05-16 12:28:21,505 [INFO] CodeGenerator:807 - code generatio: config db path: C:\ST\STM32CubeIDE_1.15.0\STM32CubeIDE\plugins\com.st.stm32cube.common.mx_6.11.0.202403141607\\db\
2024-05-16 12:28:21,573 [INFO] CodeEngine:255 - oldGeneratedFile, C:\Users\magoo\OneDrive\Documents\GitHub\ME-507-Mechatronics-Lab\Lab3\MXTmpFiles\license.tmp_save
2024-05-16 12:28:21,659 [INFO] CodeEngine:279 - Generated code: C:\Users\magoo\OneDrive\Documents\GitHub\ME-507-Mechatronics-Lab\Lab3\MXTmpFiles\license.tmp
2024-05-16 12:28:21,671 [INFO] CodeEngine:255 - oldGeneratedFile, C:\Users\magoo\OneDrive\Documents\GitHub\ME-507-Mechatronics-Lab\Lab3\MXTmpFiles\gpio.tmp_save
2024-05-16 12:28:21,747 [INFO] CodeEngine:279 - Generated code: C:\Users\magoo\OneDrive\Documents\GitHub\ME-507-Mechatronics-Lab\Lab3\MXTmpFiles\gpio.tmp
2024-05-16 12:28:21,814 [INFO] CodeEngine:255 - oldGeneratedFile, C:\Users\magoo\OneDrive\Documents\GitHub\ME-507-Mechatronics-Lab\Lab3\Core\Src\stm32f4xx_it.c_save
2024-05-16 12:28:21,929 [INFO] CodeEngine:279 - Generated code: C:\Users\magoo\OneDrive\Documents\GitHub\ME-507-Mechatronics-Lab\Lab3\Core\Src\stm32f4xx_it.c
2024-05-16 12:28:21,934 [INFO] CodeEngine:255 - oldGeneratedFile, C:\Users\magoo\OneDrive\Documents\GitHub\ME-507-Mechatronics-Lab\Lab3\Core\Inc\stm32f4xx_it.h_save
2024-05-16 12:28:21,988 [INFO] CodeEngine:279 - Generated code: C:\Users\magoo\OneDrive\Documents\GitHub\ME-507-Mechatronics-Lab\Lab3\Core\Inc\stm32f4xx_it.h
2024-05-16 12:28:22,008 [INFO] CodeEngine:255 - oldGeneratedFile, C:\Users\magoo\OneDrive\Documents\GitHub\ME-507-Mechatronics-Lab\Lab3\Core\Src\stm32f4xx_hal_msp.c_save
2024-05-16 12:28:22,106 [INFO] CodeEngine:279 - Generated code: C:\Users\magoo\OneDrive\Documents\GitHub\ME-507-Mechatronics-Lab\Lab3\Core\Src\stm32f4xx_hal_msp.c
2024-05-16 12:28:22,111 [INFO] CodeEngine:255 - oldGeneratedFile, C:\Users\magoo\OneDrive\Documents\GitHub\ME-507-Mechatronics-Lab\Lab3\MXTmpFiles\system.tmp_save
2024-05-16 12:28:22,158 [INFO] CodeEngine:279 - Generated code: C:\Users\magoo\OneDrive\Documents\GitHub\ME-507-Mechatronics-Lab\Lab3\MXTmpFiles\system.tmp
2024-05-16 12:28:22,173 [INFO] CodeEngine:311 - oldGeneratedFile, C:\Users\magoo\OneDrive\Documents\GitHub\ME-507-Mechatronics-Lab\Lab3\Core\Inc\stm32f4xx_hal_conf.h_save
2024-05-16 12:28:22,256 [INFO] CodeEngine:335 - Generated code: C:\Users\magoo\OneDrive\Documents\GitHub\ME-507-Mechatronics-Lab\Lab3\Core\Inc\stm32f4xx_hal_conf.h
2024-05-16 12:28:22,274 [WARN] IPConfigManager:3513 - IP not found : TIM
2024-05-16 12:28:22,275 [WARN] CodeGenerator:3951 - IP not found : null
2024-05-16 12:28:22,287 [INFO] CodeEngine:255 - oldGeneratedFile, C:\Users\magoo\OneDrive\Documents\GitHub\ME-507-Mechatronics-Lab\Lab3\Core\Inc\main.h_save
2024-05-16 12:28:22,365 [INFO] CodeEngine:279 - Generated code: C:\Users\magoo\OneDrive\Documents\GitHub\ME-507-Mechatronics-Lab\Lab3\Core\Inc\main.h
2024-05-16 12:28:22,377 [INFO] CodeEngine:255 - oldGeneratedFile, C:\Users\magoo\OneDrive\Documents\GitHub\ME-507-Mechatronics-Lab\Lab3\Core\Src\main.c_save
2024-05-16 12:28:22,504 [INFO] CodeEngine:279 - Generated code: C:\Users\magoo\OneDrive\Documents\GitHub\ME-507-Mechatronics-Lab\Lab3\Core\Src\main.c
2024-05-16 12:28:22,813 [INFO] ProjectBuilder:3163 - Time for Copy HAL[1] : 146mS.
2024-05-16 12:28:22,816 [INFO] ProjectBuilder:4736 - Project Generator version: 4.3.0-B58
2024-05-16 12:28:22,889 [INFO] ConfigFileManager:1503 - The Die is : DIE431
2024-05-16 12:28:23,635 [INFO] ProjectBuilder:5002 - Time for Generating toolchain IDE Files: 819mS.
2024-05-16 12:28:23,636 [INFO] ProjectBuilder:3034 - Time for Copy CMSIS : 0mS.
2024-05-16 12:28:23,638 [INFO] ProjectBuilder:3034 - Time for Copy CMSIS : 0mS.
2024-05-16 13:14:32,367 [INFO] MainUpdater:2873 - connection check result : 10
2024-05-16 13:14:32,368 [INFO] MainUpdater:2873 - connection check result : 10
2024-05-16 13:14:32,569 [INFO] MicroXplorer:468 - Change Database Path : 
2024-05-16 13:14:32,569 [INFO] MicroXplorer:498 - Change Database Version : DB.6.0.110
2024-05-16 13:14:32,590 [ERROR] ProjectManagerView:394 - 
java.lang.NullPointerException: Cannot invoke "javax.swing.JTextField.getText()" because the return value of "java.util.List.get(int)" is null
	at com.st.microxplorer.plugins.projectmanager.gui.ProjectChoiceTab$10.caretUpdate(ProjectChoiceTab.java:2504) ~[filemanager.jar:?]
	at javax.swing.text.JTextComponent.fireCaretUpdate(JTextComponent.java:412) ~[?:?]
	at javax.swing.text.JTextComponent$MutableCaretEvent.fire(JTextComponent.java:4491) ~[?:?]
	at javax.swing.text.JTextComponent$MutableCaretEvent.stateChanged(JTextComponent.java:4513) ~[?:?]
	at javax.swing.text.DefaultCaret.fireStateChanged(DefaultCaret.java:842) ~[?:?]
	at javax.swing.text.DefaultCaret.changeCaretPosition(DefaultCaret.java:1313) ~[?:?]
	at javax.swing.text.DefaultCaret.handleSetDot(DefaultCaret.java:1212) ~[?:?]
	at javax.swing.text.DefaultCaret.setDot(DefaultCaret.java:1193) ~[?:?]
	at javax.swing.text.DefaultCaret$Handler.insertUpdate(DefaultCaret.java:1789) ~[?:?]
	at javax.swing.text.AbstractDocument.fireInsertUpdate(AbstractDocument.java:226) ~[?:?]
	at javax.swing.text.AbstractDocument.handleInsertString(AbstractDocument.java:780) ~[?:?]
	at javax.swing.text.AbstractDocument.insertString(AbstractDocument.java:739) ~[?:?]
	at javax.swing.text.PlainDocument.insertString(PlainDocument.java:131) ~[?:?]
	at javax.swing.text.AbstractDocument.replace(AbstractDocument.java:698) ~[?:?]
	at javax.swing.text.JTextComponent.setText(JTextComponent.java:1729) ~[?:?]
	at com.st.microxplorer.plugins.projectmanager.gui.ProjectChoiceTab.createHeapStackFields(ProjectChoiceTab.java:944) ~[filemanager.jar:?]
	at com.st.microxplorer.plugins.projectmanager.gui.ProjectChoiceTab.buildLinkSettingsPanel(ProjectChoiceTab.java:3475) ~[filemanager.jar:?]
	at com.st.microxplorer.plugins.projectmanager.gui.ProjectChoiceTab.defineWindowsFields(ProjectChoiceTab.java:1816) ~[filemanager.jar:?]
	at com.st.microxplorer.plugins.projectmanager.gui.ProjectChoiceTab.updateSettings(ProjectChoiceTab.java:544) ~[filemanager.jar:?]
	at com.st.microxplorer.plugins.projectmanager.gui.ProjectSettingsPanel.UpdateDialog(ProjectSettingsPanel.java:245) ~[filemanager.jar:?]
	at com.st.microxplorer.plugins.projectmanager.ProjectManagerView.propertyChange(ProjectManagerView.java:391) ~[filemanager.jar:?]
	at java.beans.PropertyChangeSupport.fire(PropertyChangeSupport.java:343) ~[?:?]
	at java.beans.PropertyChangeSupport.firePropertyChange(PropertyChangeSupport.java:335) ~[?:?]
	at java.beans.PropertyChangeSupport.firePropertyChange(PropertyChangeSupport.java:268) ~[?:?]
	at com.st.microxplorer.util.MXPropertyChangeSupport.firePropertyChange(MXPropertyChangeSupport.java:54) ~[STM32CubeMX.jar:?]
	at com.st.microxplorer.mxsystem.MxSystem.closeConfig(MxSystem.java:900) ~[STM32CubeMX.jar:?]
	at com.st.microxplorer.maingui.MainPanel.closeConfig(MainPanel.java:776) ~[STM32CubeMX.jar:?]
	at com.st.microxplorer.plugins.filemanager.engine.OpenFileManager.loadConfigurationFile(OpenFileManager.java:245) ~[filemanager.jar:?]
	at com.st.microxplorer.plugins.filemanager.engine.MainFileManager.userLoadConfig(MainFileManager.java:315) ~[filemanager.jar:?]
	at com.st.microxplorer.plugins.filemanager.engine.MainFileManager.userLoadConfig(MainFileManager.java:293) ~[filemanager.jar:?]
	at com.st.microxplorer.plugins.filemanager.FileManagerView.getSpecificTask(FileManagerView.java:247) ~[filemanager.jar:?]
	at com.st.stm32cube.common.mx.editor.CubeMxEditor.getMxTabbedPaneInstance(CubeMxEditor.java:1198) ~[com.st.stm32cube.common.mx_6.11.0.202403141607/:?]
	at com.st.stm32cube.common.mx.editor.CubeMxEditor$12$1.createSwingComponent(CubeMxEditor.java:1068) ~[com.st.stm32cube.common.mx_6.11.0.202403141607/:?]
	at com.st.stm32cube.common.mx.oss.core.awtswtbridge.EmbeddedSwingComposite.doComponentCreation(EmbeddedSwingComposite.java:492) ~[com.st.stm32cube.common.mx.oss_6.11.0.202403141607/:?]
	at com.st.stm32cube.common.mx.oss.core.awtswtbridge.EmbeddedSwingComposite$4.run(EmbeddedSwingComposite.java:291) ~[com.st.stm32cube.common.mx.oss_6.11.0.202403141607/:?]
	at com.st.stm32cube.common.mx.oss.core.awtswtbridge.AwtEnvironment$2.run(AwtEnvironment.java:166) ~[com.st.stm32cube.common.mx.oss_6.11.0.202403141607/:?]
	at java.awt.event.InvocationEvent.dispatch(InvocationEvent.java:318) ~[?:?]
	at java.awt.EventQueue.dispatchEventImpl(EventQueue.java:773) ~[?:?]
	at java.awt.EventQueue$4.run(EventQueue.java:720) ~[?:?]
	at java.awt.EventQueue$4.run(EventQueue.java:714) ~[?:?]
	at java.security.AccessController.doPrivileged(AccessController.java:399) ~[?:?]
	at java.security.ProtectionDomain$JavaSecurityAccessImpl.doIntersectionPrivilege(ProtectionDomain.java:86) ~[?:?]
	at java.awt.EventQueue.dispatchEvent(EventQueue.java:742) ~[?:?]
	at java.awt.EventDispatchThread.pumpOneEventForFilters(EventDispatchThread.java:203) ~[?:?]
	at java.awt.EventDispatchThread.pumpEventsForFilter(EventDispatchThread.java:124) ~[?:?]
	at java.awt.EventDispatchThread.pumpEventsForHierarchy(EventDispatchThread.java:113) ~[?:?]
	at java.awt.EventDispatchThread.pumpEvents(EventDispatchThread.java:109) ~[?:?]
	at java.awt.EventDispatchThread.pumpEvents(EventDispatchThread.java:101) ~[?:?]
	at java.awt.EventDispatchThread.run(EventDispatchThread.java:90) ~[?:?]
2024-05-16 13:14:32,608 [WARN] ThirdParty:871 - waiting for thirdparty lock release [close project]
2024-05-16 13:14:32,608 [INFO] ThirdParty:873 - entering critical section [close project]
2024-05-16 13:14:32,608 [INFO] ThirdParty:883 - exiting critical section [close project]
2024-05-16 13:14:32,611 [INFO] PinOutPanel:1561 - setPackage(No Configuration,No Configuration)
2024-05-16 13:14:32,622 [WARN] IpParametersView:151 - Warning: This peripheral hasn't parameters
2024-05-16 13:14:32,630 [WARN] MainPanel:272 - <html><b><center>Warning: This peripheral has no parameters to be configured<br></b></html>
2024-05-16 13:14:32,645 [INFO] UtilMem:75 - Begin LoadConfig() Used Memory: 829395864 Bytes (1073741824)
2024-05-16 13:14:32,646 [INFO] MicroXplorer:468 - Change Database Path : 
2024-05-16 13:14:32,647 [INFO] MicroXplorer:498 - Change Database Version : DB.6.0.110
2024-05-16 13:14:32,647 [INFO] OpenFileManager:312 - Change cursor
2024-05-16 13:14:32,691 [INFO] RulesReader:64 - Compatibility file has been processed (297 Rules)
2024-05-16 13:14:32,711 [INFO] Mcu:2021 - Initializing MCU STM32L476R(C-E-G)Tx STM32L476RGTx STM32L476RGT6
2024-05-16 13:14:37,117 [INFO] Context:663 - Trying to add GPIOservice into a context  which must be forbidden
2024-05-16 13:14:38,213 [INFO] RtosManager:555 - Registered RTOS mode: class=CMSIS, group=RTOS, mode=CMSIS_V1, owner=FREERTOS
2024-05-16 13:14:38,213 [INFO] RtosManager:555 - Registered RTOS mode: class=CMSIS, group=RTOS2, mode=CMSIS_V2, owner=FREERTOS
2024-05-16 13:14:38,214 [INFO] RtosManager:555 - Registered RTOS mode: class=RTOS, group=Core, mode=CMSIS_V1, owner=FREERTOS
2024-05-16 13:14:38,214 [INFO] RtosManager:555 - Registered RTOS mode: class=RTOS, group=Core, mode=CMSIS_V2, owner=FREERTOS
2024-05-16 13:14:38,214 [WARN] ModelIntegratedComponent:184 - Missing modes for component STMicroelectronics:FreeRTOS:0.0.1:STMicroelectronics:RTOS:FreeRTOS:Core:::10.2.0:
2024-05-16 13:14:38,223 [WARN] ModelIntegratedComponent:63 - No mode defined for component null
2024-05-16 13:14:38,224 [WARN] ModelIntegratedComponent:63 - No mode defined for component null
2024-05-16 13:14:38,224 [WARN] ModelIntegratedComponent:63 - No mode defined for component null
2024-05-16 13:14:38,224 [WARN] ModelIntegratedComponent:63 - No mode defined for component null
2024-05-16 13:14:38,224 [WARN] ModelIntegratedComponent:63 - No mode defined for component null
2024-05-16 13:14:38,224 [WARN] ModelIntegratedComponent:63 - No mode defined for component null
2024-05-16 13:14:38,224 [WARN] ModelIntegratedComponent:63 - No mode defined for component null
2024-05-16 13:14:38,224 [WARN] ModelIntegratedComponent:63 - No mode defined for component null
2024-05-16 13:14:38,224 [WARN] ModelIntegratedComponent:63 - No mode defined for component null
2024-05-16 13:14:38,224 [WARN] ModelIntegratedComponent:63 - No mode defined for component null
2024-05-16 13:14:38,224 [WARN] ModelIntegratedComponent:63 - No mode defined for component null
2024-05-16 13:14:38,224 [WARN] ModelIntegratedComponent:63 - No mode defined for component null
2024-05-16 13:14:38,224 [WARN] ModelIntegratedComponent:63 - No mode defined for component null
2024-05-16 13:14:38,224 [WARN] ModelIntegratedComponent:63 - No mode defined for component null
2024-05-16 13:14:38,224 [WARN] ModelIntegratedComponent:63 - No mode defined for component null
2024-05-16 13:14:38,224 [WARN] ModelIntegratedComponent:63 - No mode defined for component null
2024-05-16 13:14:38,224 [WARN] ModelIntegratedComponent:63 - No mode defined for component null
2024-05-16 13:14:38,224 [WARN] ModelIntegratedComponent:63 - No mode defined for component null
2024-05-16 13:14:38,224 [WARN] ModelIntegratedComponent:63 - No mode defined for component null
2024-05-16 13:14:38,224 [WARN] ModelIntegratedComponent:63 - No mode defined for component null
2024-05-16 13:14:38,225 [WARN] ModelIntegratedComponent:63 - No mode defined for component null
2024-05-16 13:14:38,225 [WARN] ModelIntegratedComponent:63 - No mode defined for component null
2024-05-16 13:14:38,225 [WARN] ModelIntegratedComponent:63 - No mode defined for component null
2024-05-16 13:14:38,225 [WARN] ModelIntegratedComponent:63 - No mode defined for component null
2024-05-16 13:14:38,225 [WARN] ModelIntegratedComponent:63 - No mode defined for component null
2024-05-16 13:14:38,225 [WARN] ModelIntegratedComponent:63 - No mode defined for component null
2024-05-16 13:14:38,225 [WARN] ModelIntegratedComponent:63 - No mode defined for component null
2024-05-16 13:14:38,225 [WARN] ModelIntegratedComponent:63 - No mode defined for component null
2024-05-16 13:14:38,225 [WARN] ModelIntegratedComponent:63 - No mode defined for component null
2024-05-16 13:14:38,225 [WARN] ModelIntegratedComponent:63 - No mode defined for component null
2024-05-16 13:14:38,225 [WARN] ModelIntegratedComponent:63 - No mode defined for component null
2024-05-16 13:14:38,225 [WARN] ModelIntegratedComponent:63 - No mode defined for component null
2024-05-16 13:14:38,225 [WARN] ModelIntegratedComponent:63 - No mode defined for component null
2024-05-16 13:14:38,225 [WARN] ModelIntegratedComponent:63 - No mode defined for component null
2024-05-16 13:14:38,370 [INFO] ThirdPartyModel:298 - Start build external matchings
2024-05-16 13:14:38,990 [INFO] ThirdPartyModel:316 - End build external matchings
2024-05-16 13:14:39,506 [INFO] UtilMem:75 - End LoadConfig() Used Memory: 917679208 Bytes (1073741824)
2024-05-16 13:14:39,880 [WARN] ThirdParty:833 - waiting for thirdparty lock release [change project]
2024-05-16 13:14:39,880 [INFO] ThirdParty:835 - entering critical section [change project]
2024-05-16 13:14:39,880 [INFO] ThirdParty:1030 - CMSIS Pack Vendor :STMicroelectronics USBPD 4.1
2024-05-16 13:14:39,880 [INFO] ThirdParty:1030 - CMSIS Pack Vendor :STMicroelectronics X-CUBE-GNSS1 6.0.0
2024-05-16 13:14:39,880 [INFO] ThirdParty:1030 - CMSIS Pack Vendor :STMicroelectronics USB_HOST 2.0.0
2024-05-16 13:14:39,880 [INFO] ThirdParty:1030 - CMSIS Pack Vendor :STMicroelectronics FP-SNS-MOTENVWB1 1.4.0
2024-05-16 13:14:39,880 [INFO] ThirdParty:1030 - CMSIS Pack Vendor :STMicroelectronics X-CUBE-AZRTOS-F4 1.1.0
2024-05-16 13:14:39,880 [INFO] ThirdParty:1030 - CMSIS Pack Vendor :STMicroelectronics LIBJPEG 8.0.0
2024-05-16 13:14:39,880 [INFO] ThirdParty:1030 - CMSIS Pack Vendor :STMicroelectronics X-CUBE-SMBUS 2.1.0
2024-05-16 13:14:39,881 [INFO] ThirdParty:1030 - CMSIS Pack Vendor :STMicroelectronics USB_DEVICE 3.0.0
2024-05-16 13:14:39,881 [INFO] ThirdParty:1030 - CMSIS Pack Vendor :STMicroelectronics X-CUBE-TCPP 4.1.0
2024-05-16 13:14:39,881 [INFO] ThirdParty:1030 - CMSIS Pack Vendor :STMicroelectronics X-CUBE-FREERTOS 1.2.0
2024-05-16 13:14:39,881 [INFO] ThirdParty:1030 - CMSIS Pack Vendor :STMicroelectronics X-CUBE-AZRTOS-WB 2.0.0
2024-05-16 13:14:39,881 [INFO] ThirdParty:1030 - CMSIS Pack Vendor :STMicroelectronics X-CUBE-TOUCHGFX 4.23.2
2024-05-16 13:14:39,881 [INFO] ThirdParty:1030 - CMSIS Pack Vendor :STMicroelectronics X-CUBE-AZRTOS-F7 1.1.0
2024-05-16 13:14:39,881 [INFO] ThirdParty:1030 - CMSIS Pack Vendor :STMicroelectronics X-CUBE-AZRTOS-L5 2.0.0
2024-05-16 13:14:39,881 [INFO] ThirdParty:1030 - CMSIS Pack Vendor :STMicroelectronics USB_DEVICE 2.0.0
2024-05-16 13:14:39,881 [INFO] ThirdParty:1030 - CMSIS Pack Vendor :STMicroelectronics X-CUBE-NFC6 3.1.0
2024-05-16 13:14:39,881 [INFO] ThirdParty:1030 - CMSIS Pack Vendor :STMicroelectronics X-CUBE-ALGOBUILD 1.3.0
2024-05-16 13:14:39,881 [INFO] ThirdParty:1030 - CMSIS Pack Vendor :STMicroelectronics FreeRTOS 0.0.1
2024-05-16 13:14:39,881 [INFO] ThirdParty:1030 - CMSIS Pack Vendor :STMicroelectronics X-CUBE-AZRTOS-G0 1.1.0
2024-05-16 13:14:39,881 [INFO] ThirdParty:1030 - CMSIS Pack Vendor :STMicroelectronics X-CUBE-SAFEA1 1.2.2
2024-05-16 13:14:39,881 [INFO] ThirdParty:1030 - CMSIS Pack Vendor :STMicroelectronics X-CUBE-NFC4 3.0.0
2024-05-16 13:14:39,881 [INFO] ThirdParty:1030 - CMSIS Pack Vendor :STMicroelectronics X-CUBE-SUBG2 5.0.0
2024-05-16 13:14:39,881 [INFO] ThirdParty:1030 - CMSIS Pack Vendor :STMicroelectronics STM32_WPAN 1.0.0
2024-05-16 13:14:39,881 [INFO] ThirdParty:1030 - CMSIS Pack Vendor :STMicroelectronics lwIP 2.0.3
2024-05-16 13:14:39,881 [INFO] ThirdParty:1030 - CMSIS Pack Vendor :STMicroelectronics FP-SNS-FLIGHT1 5.0.2
2024-05-16 13:14:39,881 [INFO] ThirdParty:1030 - CMSIS Pack Vendor :STMicroelectronics USB_HOST 1.0.0
2024-05-16 13:14:39,881 [INFO] ThirdParty:1030 - CMSIS Pack Vendor :STMicroelectronics X-CUBE-AI 9.0.0
2024-05-16 13:14:39,881 [INFO] ThirdParty:1030 - CMSIS Pack Vendor :STMicroelectronics X-CUBE-AZRTOS-G4 2.0.0
2024-05-16 13:14:39,881 [INFO] ThirdParty:1030 - CMSIS Pack Vendor :STMicroelectronics PDM2PCM 3.1.0
2024-05-16 13:14:39,881 [INFO] ThirdParty:1030 - CMSIS Pack Vendor :STMicroelectronics PDM2PCM 3.3.0
2024-05-16 13:14:39,881 [INFO] ThirdParty:1030 - CMSIS Pack Vendor :STMicroelectronics X-CUBE-DISPLAY 3.0.0
2024-05-16 13:14:39,881 [INFO] ThirdParty:1030 - CMSIS Pack Vendor :wolfSSL I-CUBE-wolfSSL 5.7.0
2024-05-16 13:14:39,881 [INFO] ThirdParty:1030 - CMSIS Pack Vendor :STMicroelectronics FP-SNS-MOTENVWB1 1.3.1
2024-05-16 13:14:39,882 [INFO] ThirdParty:1030 - CMSIS Pack Vendor :STMicroelectronics X-CUBE-BLE1 7.0.0
2024-05-16 13:14:39,882 [INFO] ThirdParty:1030 - CMSIS Pack Vendor :STMicroelectronics FP-ATR-SIGFOX1 3.2.0
2024-05-16 13:14:39,882 [INFO] ThirdParty:1030 - CMSIS Pack Vendor :STMicroelectronics X-CUBE-ISPU 2.0.0
2024-05-16 13:14:39,882 [INFO] ThirdParty:1030 - CMSIS Pack Vendor :STMicroelectronics X-CUBE-EEPRMA1 5.1.0
2024-05-16 13:14:39,882 [INFO] ThirdParty:1030 - CMSIS Pack Vendor :STMicroelectronics HAL Drivers 0.0.0
2024-05-16 13:14:39,882 [INFO] ThirdParty:1030 - CMSIS Pack Vendor :STMicroelectronics MBEDTLS 2.16.2
2024-05-16 13:14:39,882 [INFO] ThirdParty:1030 - CMSIS Pack Vendor :emotas I-CUBE-CANOPEN 1.3.0
2024-05-16 13:14:39,882 [INFO] ThirdParty:1030 - CMSIS Pack Vendor :STMicroelectronics X-CUBE-MEMS1 10.0.0
2024-05-16 13:14:39,882 [INFO] ThirdParty:1030 - CMSIS Pack Vendor :STMicroelectronics X-CUBE-FREERTOS 1.1.0
2024-05-16 13:14:39,882 [INFO] ThirdParty:1030 - CMSIS Pack Vendor :STMicroelectronics X-CUBE-NFC7 1.0.1
2024-05-16 13:14:39,882 [INFO] ThirdParty:1030 - CMSIS Pack Vendor :STMicroelectronics MBEDTLS 2.14.1
2024-05-16 13:14:39,882 [INFO] ThirdParty:1030 - CMSIS Pack Vendor :ITTIA_DB I-CUBE-ITTIADB 8.9.0
2024-05-16 13:14:39,882 [INFO] ThirdParty:1030 - CMSIS Pack Vendor :portGmbH I-Cube-SoM-uGOAL 1.1.0
2024-05-16 13:14:39,882 [INFO] ThirdParty:1030 - CMSIS Pack Vendor :STMicroelectronics X-CUBE-ALS 1.0.1
2024-05-16 13:14:39,882 [INFO] ThirdParty:1030 - CMSIS Pack Vendor :STMicroelectronics X-CUBE-BLEMGR 3.1.0
2024-05-16 13:14:39,882 [INFO] ThirdParty:1030 - CMSIS Pack Vendor :STMicroelectronics ThreadX 1.0.0
2024-05-16 13:14:39,882 [INFO] ThirdParty:1030 - CMSIS Pack Vendor :STMicroelectronics FP-SNS-SMARTAG2 1.2.0
2024-05-16 13:14:39,882 [INFO] ThirdParty:1030 - CMSIS Pack Vendor :STMicroelectronics X-CUBE-AZRTOS-WL 2.0.0
2024-05-16 13:14:39,882 [INFO] ThirdParty:1030 - CMSIS Pack Vendor :SEGGER I-CUBE-embOS 1.3.1
2024-05-16 13:14:39,882 [INFO] ThirdParty:1030 - CMSIS Pack Vendor :STMicroelectronics X-CUBE-ALGOBUILD 1.4.0
2024-05-16 13:14:39,882 [INFO] ThirdParty:1030 - CMSIS Pack Vendor :STMicroelectronics FP-SNS-MOTENV1 5.0.0
2024-05-16 13:14:39,882 [INFO] ThirdParty:1030 - CMSIS Pack Vendor :STMicroelectronics USB_DEVICE 1.0.0
2024-05-16 13:14:39,882 [INFO] ThirdParty:1030 - CMSIS Pack Vendor :STMicroelectronics X-CUBE-AI 8.1.0
2024-05-16 13:14:39,882 [INFO] ThirdParty:1030 - CMSIS Pack Vendor :STMicroelectronics X-CUBE-AZRTOS-H7RS 1.0.0
2024-05-16 13:14:39,882 [INFO] ThirdParty:1030 - CMSIS Pack Vendor :STMicroelectronics X-CUBE-AZRTOS-L4 2.0.0
2024-05-16 13:14:39,882 [INFO] ThirdParty:1030 - CMSIS Pack Vendor :STMicroelectronics ThreadX 0.0.2
2024-05-16 13:14:39,883 [INFO] ThirdParty:1030 - CMSIS Pack Vendor :WES I-CUBE-Cesium 1.3.0
2024-05-16 13:14:39,883 [INFO] ThirdParty:1030 - CMSIS Pack Vendor :STMicroelectronics FP-ATR-ASTRA1 2.0.0
2024-05-16 13:14:39,883 [INFO] ThirdParty:1030 - CMSIS Pack Vendor :STMicroelectronics lwIP 2.1.2
2024-05-16 13:14:39,883 [INFO] ThirdParty:1030 - CMSIS Pack Vendor :STMicroelectronics X-CUBE-SFXS2LP1 4.0.0
2024-05-16 13:14:39,883 [INFO] ThirdParty:1030 - CMSIS Pack Vendor :STMicroelectronics X-CUBE-BLE2 3.3.0
2024-05-16 13:14:39,883 [INFO] ThirdParty:1030 - CMSIS Pack Vendor :STMicroelectronics X-CUBE-TOF1 3.4.1
2024-05-16 13:14:39,883 [INFO] ThirdParty:1030 - CMSIS Pack Vendor :STMicroelectronics X-CUBE-AZRTOS-H7 3.2.0
2024-05-16 13:14:39,883 [INFO] ThirdParty:1030 - CMSIS Pack Vendor :Infineon AIROC-Wi-Fi-Bluetooth-STM32 1.6.0
2024-05-16 13:14:39,883 [INFO] ThirdParty:1030 - CMSIS Pack Vendor :STMicroelectronics PDM2PCM 3.2.0
2024-05-16 13:14:39,883 [INFO] ThirdParty:841 - exiting critical section [change project]
2024-05-16 13:14:40,382 [INFO] PinOutPanel:1561 - setPackage(No Configuration,No Configuration)
2024-05-16 13:14:40,385 [INFO] PinOutPanel:1561 - setPackage(STM32L476RGTx,LQFP64)
2024-05-16 13:14:40,905 [INFO] UtilMem:75 - Before build in PCC Used Memory: 918767168 Bytes (1073741824)
2024-05-16 13:14:41,594 [INFO] UtilMem:75 - After build in PCC Used Memory: 783283928 Bytes (1073741824)
2024-05-16 13:14:41,641 [INFO] IPUIPlugin:80 - create IPUIPlugin
2024-05-16 13:14:41,641 [INFO] IPUIPlugin:80 - create IPUIPlugin
2024-05-16 13:14:41,641 [INFO] IPUIPlugin:80 - create IPUIPlugin
2024-05-16 13:14:41,641 [INFO] IPUIPlugin:80 - create IPUIPlugin
2024-05-16 13:14:41,642 [INFO] IPUIPlugin:80 - create IPUIPlugin
2024-05-16 13:14:41,642 [INFO] IPUIPlugin:80 - create IPUIPlugin
2024-05-16 13:14:41,642 [INFO] IPUIPlugin:80 - create IPUIPlugin
2024-05-16 13:14:41,642 [INFO] IPUIPlugin:80 - create IPUIPlugin
2024-05-16 13:14:41,642 [INFO] IPUIPlugin:80 - create IPUIPlugin
2024-05-16 13:14:41,643 [INFO] IPUIPlugin:80 - create IPUIPlugin
2024-05-16 13:14:41,643 [INFO] IPUIPlugin:80 - create IPUIPlugin
2024-05-16 13:14:41,643 [INFO] IPUIPlugin:80 - create IPUIPlugin
2024-05-16 13:14:41,643 [INFO] IPUIPlugin:80 - create IPUIPlugin
2024-05-16 13:14:41,643 [INFO] IPUIPlugin:80 - create IPUIPlugin
2024-05-16 13:14:41,643 [INFO] IPUIPlugin:80 - create IPUIPlugin
2024-05-16 13:14:41,644 [INFO] IPUIPlugin:80 - create IPUIPlugin
2024-05-16 13:14:41,644 [INFO] IPUIPlugin:80 - create IPUIPlugin
2024-05-16 13:14:41,644 [INFO] IPUIPlugin:80 - create IPUIPlugin
2024-05-16 13:14:41,645 [INFO] IPUIPlugin:80 - create IPUIPlugin
2024-05-16 13:14:41,645 [INFO] IPUIPlugin:80 - create IPUIPlugin
2024-05-16 13:14:41,646 [INFO] IPUIPlugin:80 - create IPUIPlugin
2024-05-16 13:14:41,646 [INFO] IPUIPlugin:80 - create IPUIPlugin
2024-05-16 13:14:41,646 [INFO] IPUIPlugin:80 - create IPUIPlugin
2024-05-16 13:14:41,652 [INFO] IPUIPlugin:80 - create IPUIPlugin
2024-05-16 13:14:41,654 [INFO] IPUIPlugin:80 - create IPUIPlugin
2024-05-16 13:14:41,654 [INFO] IPUIPlugin:80 - create IPUIPlugin
2024-05-16 13:14:41,654 [INFO] IPUIPlugin:80 - create IPUIPlugin
2024-05-16 13:14:41,655 [INFO] IPUIPlugin:80 - create IPUIPlugin
2024-05-16 13:14:41,655 [INFO] IPUIPlugin:80 - create IPUIPlugin
2024-05-16 13:14:41,656 [INFO] IPUIPlugin:80 - create IPUIPlugin
2024-05-16 13:14:41,656 [INFO] IPUIPlugin:80 - create IPUIPlugin
2024-05-16 13:14:41,657 [INFO] IPUIPlugin:80 - create IPUIPlugin
2024-05-16 13:14:41,657 [INFO] IPUIPlugin:80 - create IPUIPlugin
2024-05-16 13:14:41,657 [INFO] IPUIPlugin:80 - create IPUIPlugin
2024-05-16 13:14:41,658 [INFO] IPUIPlugin:80 - create IPUIPlugin
2024-05-16 13:14:41,659 [INFO] IPUIPlugin:80 - create IPUIPlugin
2024-05-16 13:14:41,659 [INFO] IPUIPlugin:80 - create IPUIPlugin
2024-05-16 13:14:41,660 [INFO] IPUIPlugin:80 - create IPUIPlugin
2024-05-16 13:14:41,660 [INFO] IPUIPlugin:80 - create IPUIPlugin
2024-05-16 13:14:41,661 [INFO] IPUIPlugin:80 - create IPUIPlugin
2024-05-16 13:14:41,661 [INFO] IPUIPlugin:80 - create IPUIPlugin
2024-05-16 13:14:41,662 [INFO] IPUIPlugin:80 - create IPUIPlugin
2024-05-16 13:14:41,662 [INFO] IPUIPlugin:80 - create IPUIPlugin
2024-05-16 13:14:41,663 [INFO] IPUIPlugin:80 - create IPUIPlugin
2024-05-16 13:14:41,663 [INFO] IPUIPlugin:80 - create IPUIPlugin
2024-05-16 13:14:41,664 [INFO] IPUIPlugin:80 - create IPUIPlugin
2024-05-16 13:14:41,664 [INFO] IPUIPlugin:80 - create IPUIPlugin
2024-05-16 13:14:41,665 [INFO] IPUIPlugin:80 - create IPUIPlugin
2024-05-16 13:14:41,666 [INFO] IPUIPlugin:80 - create IPUIPlugin
2024-05-16 13:14:41,666 [INFO] IPUIPlugin:80 - create IPUIPlugin
2024-05-16 13:14:41,667 [INFO] IPUIPlugin:80 - create IPUIPlugin
2024-05-16 13:14:41,668 [INFO] IPUIPlugin:80 - create IPUIPlugin
2024-05-16 13:14:41,669 [INFO] IPUIPlugin:80 - create IPUIPlugin
2024-05-16 13:14:41,670 [INFO] IPUIPlugin:80 - create IPUIPlugin
2024-05-16 13:14:41,671 [INFO] IPUIPlugin:80 - create IPUIPlugin
2024-05-16 13:14:41,672 [INFO] IPUIPlugin:80 - create IPUIPlugin
2024-05-16 13:14:41,672 [INFO] IPUIPlugin:80 - create IPUIPlugin
2024-05-16 13:14:41,674 [INFO] IPUIPlugin:80 - create IPUIPlugin
2024-05-16 13:14:41,674 [INFO] IPUIPlugin:80 - create IPUIPlugin
2024-05-16 13:14:41,763 [INFO] CADModel:165 - CPN selected for project levelSTM32L476RGT6
2024-05-16 13:14:41,763 [INFO] CADModel:114 - Register for checkConnection events
2024-05-16 13:14:41,853 [INFO] OpenFileManager:343 - Restore cursor
2024-05-16 13:14:48,994 [INFO] NvicIntPanel:101 - NVIC parent = com.st.microxplorer.plugins.ip.nvic.MultiNvicIntPanel[,0,0,0x0,invalid,layout=javax.swing.BoxLayout,alignmentX=0.0,alignmentY=0.0,border=,flags=9,maximumSize=,minimumSize=,preferredSize=]
2024-05-16 13:14:56,304 [INFO] MainUpdater:2873 - connection check result : 10
2024-05-16 13:14:56,304 [INFO] MainUpdater:2873 - connection check result : 10
2024-05-16 13:14:56,421 [INFO] MicroXplorer:468 - Change Database Path : 
2024-05-16 13:14:56,421 [INFO] MicroXplorer:498 - Change Database Version : DB.6.0.110
2024-05-16 13:14:56,429 [ERROR] ProjectManagerView:394 - 
java.lang.NullPointerException: Cannot invoke "javax.swing.JTextField.getText()" because the return value of "java.util.List.get(int)" is null
	at com.st.microxplorer.plugins.projectmanager.gui.ProjectChoiceTab$10.caretUpdate(ProjectChoiceTab.java:2504) ~[filemanager.jar:?]
	at javax.swing.text.JTextComponent.fireCaretUpdate(JTextComponent.java:412) ~[?:?]
	at javax.swing.text.JTextComponent$MutableCaretEvent.fire(JTextComponent.java:4491) ~[?:?]
	at javax.swing.text.JTextComponent$MutableCaretEvent.stateChanged(JTextComponent.java:4513) ~[?:?]
	at javax.swing.text.DefaultCaret.fireStateChanged(DefaultCaret.java:842) ~[?:?]
	at javax.swing.text.DefaultCaret.changeCaretPosition(DefaultCaret.java:1313) ~[?:?]
	at javax.swing.text.DefaultCaret.handleSetDot(DefaultCaret.java:1212) ~[?:?]
	at javax.swing.text.DefaultCaret.setDot(DefaultCaret.java:1193) ~[?:?]
	at javax.swing.text.DefaultCaret$Handler.insertUpdate(DefaultCaret.java:1789) ~[?:?]
	at javax.swing.text.AbstractDocument.fireInsertUpdate(AbstractDocument.java:226) ~[?:?]
	at javax.swing.text.AbstractDocument.handleInsertString(AbstractDocument.java:780) ~[?:?]
	at javax.swing.text.AbstractDocument.insertString(AbstractDocument.java:739) ~[?:?]
	at javax.swing.text.PlainDocument.insertString(PlainDocument.java:131) ~[?:?]
	at javax.swing.text.AbstractDocument.replace(AbstractDocument.java:698) ~[?:?]
	at javax.swing.text.JTextComponent.setText(JTextComponent.java:1729) ~[?:?]
	at com.st.microxplorer.plugins.projectmanager.gui.ProjectChoiceTab.createHeapStackFields(ProjectChoiceTab.java:944) ~[filemanager.jar:?]
	at com.st.microxplorer.plugins.projectmanager.gui.ProjectChoiceTab.buildLinkSettingsPanel(ProjectChoiceTab.java:3475) ~[filemanager.jar:?]
	at com.st.microxplorer.plugins.projectmanager.gui.ProjectChoiceTab.defineWindowsFields(ProjectChoiceTab.java:1816) ~[filemanager.jar:?]
	at com.st.microxplorer.plugins.projectmanager.gui.ProjectChoiceTab.updateSettings(ProjectChoiceTab.java:544) ~[filemanager.jar:?]
	at com.st.microxplorer.plugins.projectmanager.gui.ProjectSettingsPanel.UpdateDialog(ProjectSettingsPanel.java:245) ~[filemanager.jar:?]
	at com.st.microxplorer.plugins.projectmanager.ProjectManagerView.propertyChange(ProjectManagerView.java:391) ~[filemanager.jar:?]
	at java.beans.PropertyChangeSupport.fire(PropertyChangeSupport.java:343) ~[?:?]
	at java.beans.PropertyChangeSupport.firePropertyChange(PropertyChangeSupport.java:335) ~[?:?]
	at java.beans.PropertyChangeSupport.firePropertyChange(PropertyChangeSupport.java:268) ~[?:?]
	at com.st.microxplorer.util.MXPropertyChangeSupport.firePropertyChange(MXPropertyChangeSupport.java:54) ~[STM32CubeMX.jar:?]
	at com.st.microxplorer.mxsystem.MxSystem.closeConfig(MxSystem.java:900) ~[STM32CubeMX.jar:?]
	at com.st.microxplorer.maingui.MainPanel.closeConfig(MainPanel.java:776) ~[STM32CubeMX.jar:?]
	at com.st.microxplorer.plugins.filemanager.engine.OpenFileManager.loadConfigurationFile(OpenFileManager.java:245) ~[filemanager.jar:?]
	at com.st.microxplorer.plugins.filemanager.engine.MainFileManager.userLoadConfig(MainFileManager.java:315) ~[filemanager.jar:?]
	at com.st.microxplorer.plugins.filemanager.engine.MainFileManager.userLoadConfig(MainFileManager.java:293) ~[filemanager.jar:?]
	at com.st.microxplorer.plugins.filemanager.FileManagerView.getSpecificTask(FileManagerView.java:247) ~[filemanager.jar:?]
	at com.st.stm32cube.common.mx.editor.CubeMxEditor.getMxTabbedPaneInstance(CubeMxEditor.java:1198) ~[com.st.stm32cube.common.mx_6.11.0.202403141607/:?]
	at com.st.stm32cube.common.mx.editor.CubeMxEditor$12$1.createSwingComponent(CubeMxEditor.java:1068) ~[com.st.stm32cube.common.mx_6.11.0.202403141607/:?]
	at com.st.stm32cube.common.mx.oss.core.awtswtbridge.EmbeddedSwingComposite.doComponentCreation(EmbeddedSwingComposite.java:492) ~[com.st.stm32cube.common.mx.oss_6.11.0.202403141607/:?]
	at com.st.stm32cube.common.mx.oss.core.awtswtbridge.EmbeddedSwingComposite$4.run(EmbeddedSwingComposite.java:291) ~[com.st.stm32cube.common.mx.oss_6.11.0.202403141607/:?]
	at com.st.stm32cube.common.mx.oss.core.awtswtbridge.AwtEnvironment$2.run(AwtEnvironment.java:166) ~[com.st.stm32cube.common.mx.oss_6.11.0.202403141607/:?]
	at java.awt.event.InvocationEvent.dispatch(InvocationEvent.java:318) ~[?:?]
	at java.awt.EventQueue.dispatchEventImpl(EventQueue.java:773) ~[?:?]
	at java.awt.EventQueue$4.run(EventQueue.java:720) ~[?:?]
	at java.awt.EventQueue$4.run(EventQueue.java:714) ~[?:?]
	at java.security.AccessController.doPrivileged(AccessController.java:399) ~[?:?]
	at java.security.ProtectionDomain$JavaSecurityAccessImpl.doIntersectionPrivilege(ProtectionDomain.java:86) ~[?:?]
	at java.awt.EventQueue.dispatchEvent(EventQueue.java:742) ~[?:?]
	at java.awt.EventDispatchThread.pumpOneEventForFilters(EventDispatchThread.java:203) ~[?:?]
	at java.awt.EventDispatchThread.pumpEventsForFilter(EventDispatchThread.java:124) ~[?:?]
	at java.awt.EventDispatchThread.pumpEventsForHierarchy(EventDispatchThread.java:113) ~[?:?]
	at java.awt.EventDispatchThread.pumpEvents(EventDispatchThread.java:109) ~[?:?]
	at java.awt.EventDispatchThread.pumpEvents(EventDispatchThread.java:101) ~[?:?]
	at java.awt.EventDispatchThread.run(EventDispatchThread.java:90) ~[?:?]
2024-05-16 13:14:56,430 [WARN] ThirdParty:871 - waiting for thirdparty lock release [close project]
2024-05-16 13:14:56,430 [INFO] ThirdParty:873 - entering critical section [close project]
2024-05-16 13:14:56,430 [INFO] ThirdParty:883 - exiting critical section [close project]
2024-05-16 13:14:56,432 [INFO] PinOutPanel:1561 - setPackage(No Configuration,No Configuration)
2024-05-16 13:14:56,435 [INFO] UtilMem:75 - Begin LoadConfig() Used Memory: 839695080 Bytes (1073741824)
2024-05-16 13:14:56,436 [INFO] MicroXplorer:468 - Change Database Path : 
2024-05-16 13:14:56,436 [INFO] MicroXplorer:498 - Change Database Version : DB.6.0.110
2024-05-16 13:14:56,436 [INFO] OpenFileManager:312 - Change cursor
2024-05-16 13:14:56,456 [INFO] Mcu:2021 - Initializing MCU STM32F411C(C-E)Ux STM32F411CEUx STM32F411CEU6
2024-05-16 13:14:57,821 [INFO] Context:663 - Trying to add GPIOservice into a context  which must be forbidden
2024-05-16 13:14:58,150 [INFO] RtosManager:555 - Registered RTOS mode: class=CMSIS, group=RTOS, mode=CMSIS_V1, owner=FREERTOS
2024-05-16 13:14:58,151 [INFO] RtosManager:555 - Registered RTOS mode: class=CMSIS, group=RTOS2, mode=CMSIS_V2, owner=FREERTOS
2024-05-16 13:14:58,151 [INFO] RtosManager:555 - Registered RTOS mode: class=RTOS, group=Core, mode=CMSIS_V1, owner=FREERTOS
2024-05-16 13:14:58,151 [INFO] RtosManager:555 - Registered RTOS mode: class=RTOS, group=Core, mode=CMSIS_V2, owner=FREERTOS
2024-05-16 13:14:58,151 [WARN] ModelIntegratedComponent:184 - Missing modes for component STMicroelectronics:FreeRTOS:0.0.1:STMicroelectronics:RTOS:FreeRTOS:Core:::10.2.0:
2024-05-16 13:14:58,155 [WARN] ModelIntegratedComponent:182 - Modes not found for component STMicroelectronics:USB_HOST:1.0.0:STMicroelectronics:USB::USB Host:Audio HS::1.0:USB_HOST_1_0_RESTRICTED_HS
2024-05-16 13:14:58,155 [WARN] ModelIntegratedComponent:188 - Modes not found for component STMicroelectronics:USB_HOST:1.0.0:STMicroelectronics:USB::USB Host:Audio HS::1.0:USB_HOST_1_0_RESTRICTED_HS
2024-05-16 13:14:58,155 [WARN] ModelIntegratedComponent:182 - Modes not found for component STMicroelectronics:USB_HOST:1.0.0:STMicroelectronics:USB::USB Host:CDC HS::1.0:USB_HOST_1_0_RESTRICTED_HS
2024-05-16 13:14:58,155 [WARN] ModelIntegratedComponent:188 - Modes not found for component STMicroelectronics:USB_HOST:1.0.0:STMicroelectronics:USB::USB Host:CDC HS::1.0:USB_HOST_1_0_RESTRICTED_HS
2024-05-16 13:14:58,155 [WARN] ModelIntegratedComponent:182 - Modes not found for component STMicroelectronics:USB_HOST:1.0.0:STMicroelectronics:USB::USB Host:MSC HS::1.0:USB_HOST_1_0_RESTRICTED_HS
2024-05-16 13:14:58,155 [WARN] ModelIntegratedComponent:188 - Modes not found for component STMicroelectronics:USB_HOST:1.0.0:STMicroelectronics:USB::USB Host:MSC HS::1.0:USB_HOST_1_0_RESTRICTED_HS
2024-05-16 13:14:58,155 [WARN] ModelIntegratedComponent:182 - Modes not found for component STMicroelectronics:USB_HOST:1.0.0:STMicroelectronics:USB::USB Host:HID HS::1.0:USB_HOST_1_0_RESTRICTED_HS
2024-05-16 13:14:58,155 [WARN] ModelIntegratedComponent:188 - Modes not found for component STMicroelectronics:USB_HOST:1.0.0:STMicroelectronics:USB::USB Host:HID HS::1.0:USB_HOST_1_0_RESTRICTED_HS
2024-05-16 13:14:58,155 [WARN] ModelIntegratedComponent:182 - Modes not found for component STMicroelectronics:USB_HOST:1.0.0:STMicroelectronics:USB::USB Host:MTP HS::1.0:USB_HOST_1_0_RESTRICTED_HS
2024-05-16 13:14:58,155 [WARN] ModelIntegratedComponent:188 - Modes not found for component STMicroelectronics:USB_HOST:1.0.0:STMicroelectronics:USB::USB Host:MTP HS::1.0:USB_HOST_1_0_RESTRICTED_HS
2024-05-16 13:14:58,158 [WARN] ModelIntegratedComponent:63 - No mode defined for component null
2024-05-16 13:14:58,159 [WARN] ModelIntegratedComponent:63 - No mode defined for component null
2024-05-16 13:14:58,159 [WARN] ModelIntegratedComponent:63 - No mode defined for component null
2024-05-16 13:14:58,159 [WARN] ModelIntegratedComponent:63 - No mode defined for component null
2024-05-16 13:14:58,159 [WARN] ModelIntegratedComponent:63 - No mode defined for component null
2024-05-16 13:14:58,159 [WARN] ModelIntegratedComponent:63 - No mode defined for component null
2024-05-16 13:14:58,159 [WARN] ModelIntegratedComponent:63 - No mode defined for component null
2024-05-16 13:14:58,160 [WARN] ModelIntegratedComponent:63 - No mode defined for component null
2024-05-16 13:14:58,160 [WARN] ModelIntegratedComponent:63 - No mode defined for component null
2024-05-16 13:14:58,160 [WARN] ModelIntegratedComponent:63 - No mode defined for component null
2024-05-16 13:14:58,160 [WARN] ModelIntegratedComponent:63 - No mode defined for component null
2024-05-16 13:14:58,160 [WARN] ModelIntegratedComponent:63 - No mode defined for component null
2024-05-16 13:14:58,160 [WARN] ModelIntegratedComponent:63 - No mode defined for component null
2024-05-16 13:14:58,160 [WARN] ModelIntegratedComponent:63 - No mode defined for component null
2024-05-16 13:14:58,160 [WARN] ModelIntegratedComponent:63 - No mode defined for component null
2024-05-16 13:14:58,160 [WARN] ModelIntegratedComponent:63 - No mode defined for component null
2024-05-16 13:14:58,160 [WARN] ModelIntegratedComponent:63 - No mode defined for component null
2024-05-16 13:14:58,160 [WARN] ModelIntegratedComponent:63 - No mode defined for component null
2024-05-16 13:14:58,160 [WARN] ModelIntegratedComponent:63 - No mode defined for component null
2024-05-16 13:14:58,161 [WARN] ModelIntegratedComponent:63 - No mode defined for component null
2024-05-16 13:14:58,161 [WARN] ModelIntegratedComponent:63 - No mode defined for component null
2024-05-16 13:14:58,161 [WARN] ModelIntegratedComponent:63 - No mode defined for component null
2024-05-16 13:14:58,161 [WARN] ModelIntegratedComponent:63 - No mode defined for component null
2024-05-16 13:14:58,161 [WARN] ModelIntegratedComponent:63 - No mode defined for component null
2024-05-16 13:14:58,161 [WARN] ModelIntegratedComponent:63 - No mode defined for component null
2024-05-16 13:14:58,161 [WARN] ModelIntegratedComponent:63 - No mode defined for component null
2024-05-16 13:14:58,161 [WARN] ModelIntegratedComponent:63 - No mode defined for component null
2024-05-16 13:14:58,161 [WARN] ModelIntegratedComponent:63 - No mode defined for component null
2024-05-16 13:14:58,161 [WARN] ModelIntegratedComponent:63 - No mode defined for component null
2024-05-16 13:14:58,161 [WARN] ModelIntegratedComponent:63 - No mode defined for component null
2024-05-16 13:14:58,161 [WARN] ModelIntegratedComponent:63 - No mode defined for component null
2024-05-16 13:14:58,161 [WARN] ModelIntegratedComponent:63 - No mode defined for component null
2024-05-16 13:14:58,161 [WARN] ModelIntegratedComponent:63 - No mode defined for component null
2024-05-16 13:14:58,161 [WARN] ModelIntegratedComponent:63 - No mode defined for component null
2024-05-16 13:14:58,269 [WARN] ModelIntegratedComponent:182 - Modes not found for component STMicroelectronics:USB_DEVICE:1.0.0:STMicroelectronics:USB::USB Device:Audio HS::1.0:USB_DEVICE_1_0_RESTRICTED_HS
2024-05-16 13:14:58,269 [WARN] ModelIntegratedComponent:188 - Modes not found for component STMicroelectronics:USB_DEVICE:1.0.0:STMicroelectronics:USB::USB Device:Audio HS::1.0:USB_DEVICE_1_0_RESTRICTED_HS
2024-05-16 13:14:58,269 [WARN] ModelIntegratedComponent:182 - Modes not found for component STMicroelectronics:USB_DEVICE:1.0.0:STMicroelectronics:USB::USB Device:CDC HS::1.0:USB_DEVICE_1_0_RESTRICTED_HS
2024-05-16 13:14:58,269 [WARN] ModelIntegratedComponent:188 - Modes not found for component STMicroelectronics:USB_DEVICE:1.0.0:STMicroelectronics:USB::USB Device:CDC HS::1.0:USB_DEVICE_1_0_RESTRICTED_HS
2024-05-16 13:14:58,269 [WARN] ModelIntegratedComponent:182 - Modes not found for component STMicroelectronics:USB_DEVICE:1.0.0:STMicroelectronics:USB::USB Device:DFU HS::1.0:USB_DEVICE_1_0_RESTRICTED_HS
2024-05-16 13:14:58,269 [WARN] ModelIntegratedComponent:188 - Modes not found for component STMicroelectronics:USB_DEVICE:1.0.0:STMicroelectronics:USB::USB Device:DFU HS::1.0:USB_DEVICE_1_0_RESTRICTED_HS
2024-05-16 13:14:58,269 [WARN] ModelIntegratedComponent:182 - Modes not found for component STMicroelectronics:USB_DEVICE:1.0.0:STMicroelectronics:USB::USB Device:HID HS::1.0:USB_DEVICE_1_0_RESTRICTED_HS
2024-05-16 13:14:58,269 [WARN] ModelIntegratedComponent:188 - Modes not found for component STMicroelectronics:USB_DEVICE:1.0.0:STMicroelectronics:USB::USB Device:HID HS::1.0:USB_DEVICE_1_0_RESTRICTED_HS
2024-05-16 13:14:58,269 [WARN] ModelIntegratedComponent:182 - Modes not found for component STMicroelectronics:USB_DEVICE:1.0.0:STMicroelectronics:USB::USB Device:Custom HID HS::1.0:USB_DEVICE_1_0_RESTRICTED_HS
2024-05-16 13:14:58,269 [WARN] ModelIntegratedComponent:188 - Modes not found for component STMicroelectronics:USB_DEVICE:1.0.0:STMicroelectronics:USB::USB Device:Custom HID HS::1.0:USB_DEVICE_1_0_RESTRICTED_HS
2024-05-16 13:14:58,270 [WARN] ModelIntegratedComponent:182 - Modes not found for component STMicroelectronics:USB_DEVICE:1.0.0:STMicroelectronics:USB::USB Device:MSC HS::1.0:USB_DEVICE_1_0_RESTRICTED_HS
2024-05-16 13:14:58,270 [WARN] ModelIntegratedComponent:188 - Modes not found for component STMicroelectronics:USB_DEVICE:1.0.0:STMicroelectronics:USB::USB Device:MSC HS::1.0:USB_DEVICE_1_0_RESTRICTED_HS
2024-05-16 13:14:58,289 [INFO] ThirdPartyModel:298 - Start build external matchings
2024-05-16 13:14:58,892 [INFO] ThirdPartyModel:316 - End build external matchings
2024-05-16 13:14:58,907 [INFO] ImportTextPane:194 - (OptionalMessage_ERROR) IP (RCC) : Parameter (RTCHSEDivFreq_Value) has invalid value (12500000)
2024-05-16 13:14:59,198 [INFO] UtilMem:75 - End LoadConfig() Used Memory: 754735720 Bytes (1073741824)
2024-05-16 13:14:59,277 [WARN] ThirdParty:833 - waiting for thirdparty lock release [change project]
2024-05-16 13:14:59,277 [INFO] ThirdParty:835 - entering critical section [change project]
2024-05-16 13:14:59,277 [INFO] ThirdParty:1030 - CMSIS Pack Vendor :STMicroelectronics USBPD 4.1
2024-05-16 13:14:59,277 [INFO] ThirdParty:1030 - CMSIS Pack Vendor :STMicroelectronics X-CUBE-GNSS1 6.0.0
2024-05-16 13:14:59,277 [INFO] ThirdParty:1030 - CMSIS Pack Vendor :STMicroelectronics USB_HOST 2.0.0
2024-05-16 13:14:59,277 [INFO] ThirdParty:1030 - CMSIS Pack Vendor :STMicroelectronics FP-SNS-MOTENVWB1 1.4.0
2024-05-16 13:14:59,277 [INFO] ThirdParty:1030 - CMSIS Pack Vendor :STMicroelectronics X-CUBE-AZRTOS-F4 1.1.0
2024-05-16 13:14:59,277 [INFO] ThirdParty:1030 - CMSIS Pack Vendor :STMicroelectronics LIBJPEG 8.0.0
2024-05-16 13:14:59,277 [INFO] ThirdParty:1030 - CMSIS Pack Vendor :STMicroelectronics X-CUBE-SMBUS 2.1.0
2024-05-16 13:14:59,277 [INFO] ThirdParty:1030 - CMSIS Pack Vendor :STMicroelectronics USB_DEVICE 3.0.0
2024-05-16 13:14:59,277 [INFO] ThirdParty:1030 - CMSIS Pack Vendor :STMicroelectronics X-CUBE-TCPP 4.1.0
2024-05-16 13:14:59,277 [INFO] ThirdParty:1030 - CMSIS Pack Vendor :STMicroelectronics X-CUBE-FREERTOS 1.2.0
2024-05-16 13:14:59,277 [INFO] ThirdParty:1030 - CMSIS Pack Vendor :STMicroelectronics X-CUBE-AZRTOS-WB 2.0.0
2024-05-16 13:14:59,277 [INFO] ThirdParty:1030 - CMSIS Pack Vendor :STMicroelectronics X-CUBE-TOUCHGFX 4.23.2
2024-05-16 13:14:59,278 [INFO] ThirdParty:1030 - CMSIS Pack Vendor :STMicroelectronics X-CUBE-AZRTOS-F7 1.1.0
2024-05-16 13:14:59,278 [INFO] ThirdParty:1030 - CMSIS Pack Vendor :STMicroelectronics X-CUBE-AZRTOS-L5 2.0.0
2024-05-16 13:14:59,278 [INFO] ThirdParty:1030 - CMSIS Pack Vendor :STMicroelectronics USB_DEVICE 2.0.0
2024-05-16 13:14:59,278 [INFO] ThirdParty:1030 - CMSIS Pack Vendor :STMicroelectronics X-CUBE-NFC6 3.1.0
2024-05-16 13:14:59,278 [INFO] ThirdParty:1030 - CMSIS Pack Vendor :STMicroelectronics X-CUBE-ALGOBUILD 1.3.0
2024-05-16 13:14:59,278 [INFO] ThirdParty:1030 - CMSIS Pack Vendor :STMicroelectronics FreeRTOS 0.0.1
2024-05-16 13:14:59,278 [INFO] ThirdParty:1030 - CMSIS Pack Vendor :STMicroelectronics X-CUBE-AZRTOS-G0 1.1.0
2024-05-16 13:14:59,278 [INFO] ThirdParty:1030 - CMSIS Pack Vendor :STMicroelectronics X-CUBE-SAFEA1 1.2.2
2024-05-16 13:14:59,278 [INFO] ThirdParty:1030 - CMSIS Pack Vendor :STMicroelectronics X-CUBE-NFC4 3.0.0
2024-05-16 13:14:59,278 [INFO] ThirdParty:1030 - CMSIS Pack Vendor :STMicroelectronics X-CUBE-SUBG2 5.0.0
2024-05-16 13:14:59,278 [INFO] ThirdParty:1030 - CMSIS Pack Vendor :STMicroelectronics STM32_WPAN 1.0.0
2024-05-16 13:14:59,278 [INFO] ThirdParty:1030 - CMSIS Pack Vendor :STMicroelectronics lwIP 2.0.3
2024-05-16 13:14:59,278 [INFO] ThirdParty:1030 - CMSIS Pack Vendor :STMicroelectronics FP-SNS-FLIGHT1 5.0.2
2024-05-16 13:14:59,278 [INFO] ThirdParty:1030 - CMSIS Pack Vendor :STMicroelectronics USB_HOST 1.0.0
2024-05-16 13:14:59,278 [INFO] ThirdParty:1030 - CMSIS Pack Vendor :STMicroelectronics X-CUBE-AI 9.0.0
2024-05-16 13:14:59,278 [INFO] ThirdParty:1030 - CMSIS Pack Vendor :STMicroelectronics X-CUBE-AZRTOS-G4 2.0.0
2024-05-16 13:14:59,278 [INFO] ThirdParty:1030 - CMSIS Pack Vendor :STMicroelectronics PDM2PCM 3.1.0
2024-05-16 13:14:59,278 [INFO] ThirdParty:1030 - CMSIS Pack Vendor :STMicroelectronics PDM2PCM 3.3.0
2024-05-16 13:14:59,278 [INFO] ThirdParty:1030 - CMSIS Pack Vendor :STMicroelectronics X-CUBE-DISPLAY 3.0.0
2024-05-16 13:14:59,278 [INFO] ThirdParty:1030 - CMSIS Pack Vendor :wolfSSL I-CUBE-wolfSSL 5.7.0
2024-05-16 13:14:59,278 [INFO] ThirdParty:1030 - CMSIS Pack Vendor :STMicroelectronics FP-SNS-MOTENVWB1 1.3.1
2024-05-16 13:14:59,278 [INFO] ThirdParty:1030 - CMSIS Pack Vendor :STMicroelectronics X-CUBE-BLE1 7.0.0
2024-05-16 13:14:59,278 [INFO] ThirdParty:1030 - CMSIS Pack Vendor :STMicroelectronics FP-ATR-SIGFOX1 3.2.0
2024-05-16 13:14:59,278 [INFO] ThirdParty:1030 - CMSIS Pack Vendor :STMicroelectronics X-CUBE-ISPU 2.0.0
2024-05-16 13:14:59,278 [INFO] ThirdParty:1030 - CMSIS Pack Vendor :STMicroelectronics X-CUBE-EEPRMA1 5.1.0
2024-05-16 13:14:59,278 [INFO] ThirdParty:1030 - CMSIS Pack Vendor :STMicroelectronics HAL Drivers 0.0.0
2024-05-16 13:14:59,278 [INFO] ThirdParty:1030 - CMSIS Pack Vendor :STMicroelectronics MBEDTLS 2.16.2
2024-05-16 13:14:59,278 [INFO] ThirdParty:1030 - CMSIS Pack Vendor :emotas I-CUBE-CANOPEN 1.3.0
2024-05-16 13:14:59,278 [INFO] ThirdParty:1030 - CMSIS Pack Vendor :STMicroelectronics X-CUBE-MEMS1 10.0.0
2024-05-16 13:14:59,278 [INFO] ThirdParty:1030 - CMSIS Pack Vendor :STMicroelectronics X-CUBE-FREERTOS 1.1.0
2024-05-16 13:14:59,279 [INFO] ThirdParty:1030 - CMSIS Pack Vendor :STMicroelectronics X-CUBE-NFC7 1.0.1
2024-05-16 13:14:59,279 [INFO] ThirdParty:1030 - CMSIS Pack Vendor :STMicroelectronics MBEDTLS 2.14.1
2024-05-16 13:14:59,279 [INFO] ThirdParty:1030 - CMSIS Pack Vendor :ITTIA_DB I-CUBE-ITTIADB 8.9.0
2024-05-16 13:14:59,279 [INFO] ThirdParty:1030 - CMSIS Pack Vendor :portGmbH I-Cube-SoM-uGOAL 1.1.0
2024-05-16 13:14:59,279 [INFO] ThirdParty:1030 - CMSIS Pack Vendor :STMicroelectronics X-CUBE-ALS 1.0.1
2024-05-16 13:14:59,279 [INFO] ThirdParty:1030 - CMSIS Pack Vendor :STMicroelectronics X-CUBE-BLEMGR 3.1.0
2024-05-16 13:14:59,279 [INFO] ThirdParty:1030 - CMSIS Pack Vendor :STMicroelectronics ThreadX 1.0.0
2024-05-16 13:14:59,279 [INFO] ThirdParty:1030 - CMSIS Pack Vendor :STMicroelectronics FP-SNS-SMARTAG2 1.2.0
2024-05-16 13:14:59,279 [INFO] ThirdParty:1030 - CMSIS Pack Vendor :STMicroelectronics X-CUBE-AZRTOS-WL 2.0.0
2024-05-16 13:14:59,279 [INFO] ThirdParty:1030 - CMSIS Pack Vendor :SEGGER I-CUBE-embOS 1.3.1
2024-05-16 13:14:59,279 [INFO] ThirdParty:1030 - CMSIS Pack Vendor :STMicroelectronics X-CUBE-ALGOBUILD 1.4.0
2024-05-16 13:14:59,279 [INFO] ThirdParty:1030 - CMSIS Pack Vendor :STMicroelectronics FP-SNS-MOTENV1 5.0.0
2024-05-16 13:14:59,279 [INFO] ThirdParty:1030 - CMSIS Pack Vendor :STMicroelectronics USB_DEVICE 1.0.0
2024-05-16 13:14:59,279 [INFO] ThirdParty:1030 - CMSIS Pack Vendor :STMicroelectronics X-CUBE-AI 8.1.0
2024-05-16 13:14:59,279 [INFO] ThirdParty:1030 - CMSIS Pack Vendor :STMicroelectronics X-CUBE-AZRTOS-H7RS 1.0.0
2024-05-16 13:14:59,279 [INFO] ThirdParty:1030 - CMSIS Pack Vendor :STMicroelectronics X-CUBE-AZRTOS-L4 2.0.0
2024-05-16 13:14:59,279 [INFO] ThirdParty:1030 - CMSIS Pack Vendor :STMicroelectronics ThreadX 0.0.2
2024-05-16 13:14:59,279 [INFO] ThirdParty:1030 - CMSIS Pack Vendor :WES I-CUBE-Cesium 1.3.0
2024-05-16 13:14:59,279 [INFO] ThirdParty:1030 - CMSIS Pack Vendor :STMicroelectronics FP-ATR-ASTRA1 2.0.0
2024-05-16 13:14:59,279 [INFO] ThirdParty:1030 - CMSIS Pack Vendor :STMicroelectronics lwIP 2.1.2
2024-05-16 13:14:59,280 [INFO] ThirdParty:1030 - CMSIS Pack Vendor :STMicroelectronics X-CUBE-SFXS2LP1 4.0.0
2024-05-16 13:14:59,280 [INFO] ThirdParty:1030 - CMSIS Pack Vendor :STMicroelectronics X-CUBE-BLE2 3.3.0
2024-05-16 13:14:59,280 [INFO] ThirdParty:1030 - CMSIS Pack Vendor :STMicroelectronics X-CUBE-TOF1 3.4.1
2024-05-16 13:14:59,280 [INFO] ThirdParty:1030 - CMSIS Pack Vendor :STMicroelectronics X-CUBE-AZRTOS-H7 3.2.0
2024-05-16 13:14:59,280 [INFO] ThirdParty:1030 - CMSIS Pack Vendor :Infineon AIROC-Wi-Fi-Bluetooth-STM32 1.6.0
2024-05-16 13:14:59,280 [INFO] ThirdParty:1030 - CMSIS Pack Vendor :STMicroelectronics PDM2PCM 3.2.0
2024-05-16 13:14:59,280 [INFO] ThirdParty:841 - exiting critical section [change project]
2024-05-16 13:14:59,475 [INFO] PinOutPanel:1561 - setPackage(No Configuration,No Configuration)
2024-05-16 13:14:59,476 [INFO] PinOutPanel:1561 - setPackage(STM32F411CEUx,UFQFPN48)
2024-05-16 13:14:59,770 [INFO] UtilMem:75 - Before build in PCC Used Memory: 799685496 Bytes (1073741824)
2024-05-16 13:15:00,036 [INFO] UtilMem:75 - After build in PCC Used Memory: 842154872 Bytes (1073741824)
2024-05-16 13:15:00,060 [INFO] IPUIPlugin:80 - create IPUIPlugin
2024-05-16 13:15:00,061 [INFO] IPUIPlugin:80 - create IPUIPlugin
2024-05-16 13:15:00,061 [INFO] IPUIPlugin:80 - create IPUIPlugin
2024-05-16 13:15:00,061 [INFO] IPUIPlugin:80 - create IPUIPlugin
2024-05-16 13:15:00,061 [INFO] IPUIPlugin:80 - create IPUIPlugin
2024-05-16 13:15:00,061 [INFO] IPUIPlugin:80 - create IPUIPlugin
2024-05-16 13:15:00,061 [INFO] IPUIPlugin:80 - create IPUIPlugin
2024-05-16 13:15:00,061 [INFO] IPUIPlugin:80 - create IPUIPlugin
2024-05-16 13:15:00,061 [INFO] IPUIPlugin:80 - create IPUIPlugin
2024-05-16 13:15:00,061 [INFO] IPUIPlugin:80 - create IPUIPlugin
2024-05-16 13:15:00,062 [INFO] IPUIPlugin:80 - create IPUIPlugin
2024-05-16 13:15:00,062 [INFO] IPUIPlugin:80 - create IPUIPlugin
2024-05-16 13:15:00,062 [INFO] IPUIPlugin:80 - create IPUIPlugin
2024-05-16 13:15:00,062 [INFO] IPUIPlugin:80 - create IPUIPlugin
2024-05-16 13:15:00,062 [INFO] IPUIPlugin:80 - create IPUIPlugin
2024-05-16 13:15:00,062 [INFO] IPUIPlugin:80 - create IPUIPlugin
2024-05-16 13:15:00,062 [INFO] IPUIPlugin:80 - create IPUIPlugin
2024-05-16 13:15:00,063 [INFO] IPUIPlugin:80 - create IPUIPlugin
2024-05-16 13:15:00,063 [INFO] IPUIPlugin:80 - create IPUIPlugin
2024-05-16 13:15:00,063 [INFO] IPUIPlugin:80 - create IPUIPlugin
2024-05-16 13:15:00,063 [INFO] IPUIPlugin:80 - create IPUIPlugin
2024-05-16 13:15:00,063 [INFO] IPUIPlugin:80 - create IPUIPlugin
2024-05-16 13:15:00,063 [INFO] IPUIPlugin:80 - create IPUIPlugin
2024-05-16 13:15:00,065 [INFO] IPUIPlugin:80 - create IPUIPlugin
2024-05-16 13:15:00,065 [INFO] IPUIPlugin:80 - create IPUIPlugin
2024-05-16 13:15:00,065 [INFO] IPUIPlugin:80 - create IPUIPlugin
2024-05-16 13:15:00,066 [INFO] IPUIPlugin:80 - create IPUIPlugin
2024-05-16 13:15:00,066 [INFO] IPUIPlugin:80 - create IPUIPlugin
2024-05-16 13:15:00,066 [INFO] IPUIPlugin:80 - create IPUIPlugin
2024-05-16 13:15:00,066 [INFO] IPUIPlugin:80 - create IPUIPlugin
2024-05-16 13:15:00,067 [INFO] IPUIPlugin:80 - create IPUIPlugin
2024-05-16 13:15:00,067 [INFO] IPUIPlugin:80 - create IPUIPlugin
2024-05-16 13:15:00,067 [INFO] IPUIPlugin:80 - create IPUIPlugin
2024-05-16 13:15:00,068 [INFO] IPUIPlugin:80 - create IPUIPlugin
2024-05-16 13:15:00,068 [INFO] IPUIPlugin:80 - create IPUIPlugin
2024-05-16 13:15:00,068 [INFO] IPUIPlugin:80 - create IPUIPlugin
2024-05-16 13:15:00,069 [INFO] IPUIPlugin:80 - create IPUIPlugin
2024-05-16 13:15:00,069 [INFO] IPUIPlugin:80 - create IPUIPlugin
2024-05-16 13:15:00,069 [INFO] IPUIPlugin:80 - create IPUIPlugin
2024-05-16 13:15:00,070 [INFO] IPUIPlugin:80 - create IPUIPlugin
2024-05-16 13:15:00,070 [INFO] IPUIPlugin:80 - create IPUIPlugin
2024-05-16 13:15:00,070 [INFO] IPUIPlugin:80 - create IPUIPlugin
2024-05-16 13:15:00,071 [INFO] IPUIPlugin:80 - create IPUIPlugin
2024-05-16 13:15:00,097 [INFO] ApiDbMcu:508 - Load IP Config File for PDM2PCM
2024-05-16 13:15:00,151 [INFO] CADModel:165 - CPN selected for project levelSTM32F411CEU6
2024-05-16 13:15:00,151 [INFO] CADModel:114 - Register for checkConnection events
2024-05-16 13:15:00,236 [INFO] OpenFileManager:343 - Restore cursor
2024-05-16 13:15:06,819 [INFO] NvicIntPanel:101 - NVIC parent = com.st.microxplorer.plugins.ip.nvic.MultiNvicIntPanel[,0,0,0x0,invalid,layout=javax.swing.BoxLayout,alignmentX=0.0,alignmentY=0.0,border=,flags=9,maximumSize=,minimumSize=,preferredSize=]
2024-05-16 13:17:54,263 [INFO] UtilMem:75 - End SaveConfig() Used Memory: 896876664 Bytes (1073741824)
2024-05-16 13:17:55,959 [INFO] UtilMem:75 - End SaveConfig() Used Memory: 748794776 Bytes (1073741824)
2024-05-16 13:17:56,143 [INFO] BlockDiagram:2759 - set Specific Code input for plugin: TIM1_8
2024-05-16 13:17:56,144 [INFO] BlockDiagram:2759 - set Specific Code input for plugin: TIM1_8
2024-05-16 13:17:56,144 [INFO] BlockDiagram:2759 - set Specific Code input for plugin: SYS
2024-05-16 13:17:56,144 [INFO] BlockDiagram:2759 - set Specific Code input for plugin: RCC
2024-05-16 13:17:56,144 [INFO] BlockDiagram:2759 - set Specific Code input for plugin: NVIC
2024-05-16 13:17:56,144 [INFO] BlockDiagram:2759 - set Specific Code input for plugin: USART
2024-05-16 13:17:56,144 [INFO] BlockDiagram:2759 - set Specific Code input for plugin: GPIO
2024-05-16 13:17:56,145 [INFO] CodeGenerator:807 - code generatio: config db path: C:\ST\STM32CubeIDE_1.15.0\STM32CubeIDE\plugins\com.st.stm32cube.common.mx_6.11.0.202403141607\\db\
2024-05-16 13:17:56,280 [INFO] CodeEngine:255 - oldGeneratedFile, C:\Users\magoo\OneDrive\Documents\GitHub\ME-507-Mechatronics-Lab\Lab3\MXTmpFiles\license.tmp_save
2024-05-16 13:17:56,464 [INFO] CodeEngine:279 - Generated code: C:\Users\magoo\OneDrive\Documents\GitHub\ME-507-Mechatronics-Lab\Lab3\MXTmpFiles\license.tmp
2024-05-16 13:17:56,567 [INFO] CodeEngine:255 - oldGeneratedFile, C:\Users\magoo\OneDrive\Documents\GitHub\ME-507-Mechatronics-Lab\Lab3\MXTmpFiles\gpio.tmp_save
2024-05-16 13:17:56,726 [INFO] CodeEngine:279 - Generated code: C:\Users\magoo\OneDrive\Documents\GitHub\ME-507-Mechatronics-Lab\Lab3\MXTmpFiles\gpio.tmp
2024-05-16 13:17:56,936 [INFO] CodeEngine:255 - oldGeneratedFile, C:\Users\magoo\OneDrive\Documents\GitHub\ME-507-Mechatronics-Lab\Lab3\Core\Src\stm32f4xx_it.c_save
2024-05-16 13:17:57,291 [INFO] CodeEngine:279 - Generated code: C:\Users\magoo\OneDrive\Documents\GitHub\ME-507-Mechatronics-Lab\Lab3\Core\Src\stm32f4xx_it.c
2024-05-16 13:17:57,311 [INFO] CodeEngine:255 - oldGeneratedFile, C:\Users\magoo\OneDrive\Documents\GitHub\ME-507-Mechatronics-Lab\Lab3\Core\Inc\stm32f4xx_it.h_save
2024-05-16 13:17:57,430 [INFO] CodeEngine:279 - Generated code: C:\Users\magoo\OneDrive\Documents\GitHub\ME-507-Mechatronics-Lab\Lab3\Core\Inc\stm32f4xx_it.h
2024-05-16 13:17:57,466 [INFO] CodeEngine:255 - oldGeneratedFile, C:\Users\magoo\OneDrive\Documents\GitHub\ME-507-Mechatronics-Lab\Lab3\Core\Src\stm32f4xx_hal_msp.c_save
2024-05-16 13:17:57,685 [INFO] CodeEngine:279 - Generated code: C:\Users\magoo\OneDrive\Documents\GitHub\ME-507-Mechatronics-Lab\Lab3\Core\Src\stm32f4xx_hal_msp.c
2024-05-16 13:17:57,696 [INFO] CodeEngine:255 - oldGeneratedFile, C:\Users\magoo\OneDrive\Documents\GitHub\ME-507-Mechatronics-Lab\Lab3\MXTmpFiles\system.tmp_save
2024-05-16 13:17:57,973 [INFO] CodeEngine:279 - Generated code: C:\Users\magoo\OneDrive\Documents\GitHub\ME-507-Mechatronics-Lab\Lab3\MXTmpFiles\system.tmp
2024-05-16 13:17:58,059 [INFO] CodeEngine:311 - oldGeneratedFile, C:\Users\magoo\OneDrive\Documents\GitHub\ME-507-Mechatronics-Lab\Lab3\Core\Inc\stm32f4xx_hal_conf.h_save
2024-05-16 13:17:58,278 [INFO] CodeEngine:335 - Generated code: C:\Users\magoo\OneDrive\Documents\GitHub\ME-507-Mechatronics-Lab\Lab3\Core\Inc\stm32f4xx_hal_conf.h
2024-05-16 13:17:58,404 [WARN] IPConfigManager:3513 - IP not found : TIM
2024-05-16 13:17:58,406 [WARN] CodeGenerator:3951 - IP not found : null
2024-05-16 13:17:58,472 [INFO] CodeEngine:255 - oldGeneratedFile, C:\Users\magoo\OneDrive\Documents\GitHub\ME-507-Mechatronics-Lab\Lab3\Core\Inc\main.h_save
2024-05-16 13:17:58,734 [INFO] CodeEngine:279 - Generated code: C:\Users\magoo\OneDrive\Documents\GitHub\ME-507-Mechatronics-Lab\Lab3\Core\Inc\main.h
2024-05-16 13:17:58,762 [INFO] CodeEngine:255 - oldGeneratedFile, C:\Users\magoo\OneDrive\Documents\GitHub\ME-507-Mechatronics-Lab\Lab3\Core\Src\main.c_save
2024-05-16 13:17:59,072 [INFO] CodeEngine:279 - Generated code: C:\Users\magoo\OneDrive\Documents\GitHub\ME-507-Mechatronics-Lab\Lab3\Core\Src\main.c
2024-05-16 13:17:59,981 [INFO] ProjectBuilder:3163 - Time for Copy HAL[1] : 449mS.
2024-05-16 13:17:59,987 [INFO] ProjectBuilder:4736 - Project Generator version: 4.3.0-B58
2024-05-16 13:18:00,091 [INFO] ConfigFileManager:1503 - The Die is : DIE431
2024-05-16 13:18:00,110 [INFO] ApiDbMcu:508 - Load IP Config File for FATFS
2024-05-16 13:18:00,133 [INFO] ApiDbMcu:508 - Load IP Config File for FREERTOS
2024-05-16 13:18:00,160 [INFO] ApiDbMcu:508 - Load IP Config File for LIBJPEG
2024-05-16 13:18:00,208 [INFO] ApiDbMcu:508 - Load IP Config File for MBEDTLS
2024-05-16 13:18:00,268 [INFO] ApiDbMcu:508 - Load IP Config File for USB_DEVICE
2024-05-16 13:18:00,313 [INFO] ApiDbMcu:508 - Load IP Config File for USB_HOST
2024-05-16 13:18:02,021 [INFO] ProjectBuilder:5002 - Time for Generating toolchain IDE Files: 2034mS.
2024-05-16 13:18:02,026 [INFO] ProjectBuilder:3034 - Time for Copy CMSIS : 5mS.
2024-05-16 13:18:02,034 [INFO] ProjectBuilder:3034 - Time for Copy CMSIS : 0mS.
